#
# A fatal error has been detected by the Java Runtime Environment:
#
#  Internal Error (javaClasses.cpp:136), pid=9569, tid=140483777165056
#  fatal error: Invalid layout of preloaded class
#
# JRE version:  (7.0_72-b14) (build )
# Java VM: Java HotSpot(TM) 64-Bit Server VM (24.72-b04 mixed mode linux-amd64 compressed oops)
# Failed to write core dump. Core dumps have been disabled. To enable core dumping, try "ulimit -c unlimited" before starting Java again
#
# If you would like to submit a bug report, please visit:
#   http://bugreport.sun.com/bugreport/crash.jsp
#

---------------  T H R E A D  ---------------

Current thread (0x00007fc4e400a800):  JavaThread "Unknown thread" [_thread_in_vm, id=9574, stack(0x00007fc4ed927000,0x00007fc4eda28000)]

Stack: [0x00007fc4ed927000,0x00007fc4eda28000],  sp=0x00007fc4eda267f0,  free space=1021k
Native frames: (J=compiled Java code, j=interpreted, Vv=VM code, C=native code)
V  [libjvm.so+0x9a10fa]  VMError::report_and_die()+0x2ea
V  [libjvm.so+0x497919]  report_fatal(char const*, int, char const*)+0x59
V  [libjvm.so+0x6066c5]  compute_offset(int&, klassOopDesc*, Symbol*, Symbol*, bool)+0x135
V  [libjvm.so+0x607769]  java_lang_String::compute_offsets()+0x49
V  [libjvm.so+0x927185]  SystemDictionary::initialize_preloaded_classes(Thread*)+0x235
V  [libjvm.so+0x974af4]  Universe::genesis(Thread*)+0x494
V  [libjvm.so+0x974fa9]  universe2_init()+0x29
V  [libjvm.so+0x5b0fdd]  init_globals()+0xbd
V  [libjvm.so+0x95bbdd]  Threads::create_vm(JavaVMInitArgs*, bool*)+0x1ed
V  [libjvm.so+0x639234]  JNI_CreateJavaVM+0x74
C  [libjli.so+0x2f8e]  JavaMain+0x9e


---------------  P R O C E S S  ---------------

Java Threads: ( => current thread )

Other Threads:

=>0x00007fc4e400a800 (exited) JavaThread "Unknown thread" [_thread_in_vm, id=9574, stack(0x00007fc4ed927000,0x00007fc4eda28000)]

VM state:not at safepoint (not fully initialized)

VM Mutex/Monitor currently owned by a thread: None

GC Heap History (0 events):
No events

Deoptimization events (0 events):
No events

Internal exceptions (0 events):
No events

Events (10 events):
Event: 0.005 loading class 0x00007fc4e81566f0 done
Event: 0.005 loading class 0x00007fc4e8156110 done
Event: 0.005 loading class 0x00007fc4e81560f0
Event: 0.005 loading class 0x00007fc4e815e240
Event: 0.005 loading class 0x00007fc4e815e240 done
Event: 0.005 loading class 0x00007fc4e815e270
Event: 0.005 loading class 0x00007fc4e815e270 done
Event: 0.005 loading class 0x00007fc4e815e2a0
Event: 0.005 loading class 0x00007fc4e815e2a0 done
Event: 0.005 loading class 0x00007fc4e81560f0 done


Dynamic libraries:
00400000-00401000 r-xp 00000000 08:01 5510380                            /home/renatooliveira/RECURSOS/java7/bin/java
00600000-00601000 rw-p 00000000 08:01 5510380                            /home/renatooliveira/RECURSOS/java7/bin/java
01f26000-01f47000 rw-p 00000000 00:00 0                                  [heap]
be600000-bfb00000 rw-p 00000000 00:00 0 
bfb00000-c3800000 rw-p 00000000 00:00 0 
c3800000-c6000000 rw-p 00000000 00:00 0 
c6000000-ebd00000 rw-p 00000000 00:00 0 
ebd00000-ed180000 rw-p 00000000 00:00 0 
ed180000-100000000 rw-p 00000000 00:00 0 
7fc4c4000000-7fc4c4021000 rw-p 00000000 00:00 0 
7fc4c4021000-7fc4c8000000 ---p 00000000 00:00 0 
7fc4cc000000-7fc4cc021000 rw-p 00000000 00:00 0 
7fc4cc021000-7fc4d0000000 ---p 00000000 00:00 0 
7fc4d4000000-7fc4d4021000 rw-p 00000000 00:00 0 
7fc4d4021000-7fc4d8000000 ---p 00000000 00:00 0 
7fc4dc000000-7fc4dc021000 rw-p 00000000 00:00 0 
7fc4dc021000-7fc4e0000000 ---p 00000000 00:00 0 
7fc4e0bac000-7fc4e1000000 rw-p 00000000 00:00 0 
7fc4e1000000-7fc4e1270000 rwxp 00000000 00:00 0 
7fc4e1270000-7fc4e40a4000 rw-p 00000000 00:00 0 
7fc4e40a4000-7fc4e8000000 ---p 00000000 00:00 0 
7fc4e8009000-7fc4e80e0000 r--s 013fe000 08:01 9053119                    /home/renatooliveira/android-sdks/platforms/android-19/android.jar
7fc4e80e0000-7fc4ea281000 rw-p 00000000 00:00 0 
7fc4ea281000-7fc4ea282000 ---p 00000000 00:00 0 
7fc4ea282000-7fc4ea382000 rw-p 00000000 00:00 0                          [stack:9578]
7fc4ea382000-7fc4ea383000 ---p 00000000 00:00 0 
7fc4ea383000-7fc4ea483000 rw-p 00000000 00:00 0                          [stack:9577]
7fc4ea483000-7fc4ea484000 ---p 00000000 00:00 0 
7fc4ea484000-7fc4ea584000 rw-p 00000000 00:00 0                          [stack:9576]
7fc4ea584000-7fc4ea585000 ---p 00000000 00:00 0 
7fc4ea585000-7fc4ea690000 rw-p 00000000 00:00 0                          [stack:9575]
7fc4ea690000-7fc4ea6ae000 rw-p 00000000 00:00 0 
7fc4ea6ae000-7fc4ea6c2000 rw-p 00000000 00:00 0 
7fc4ea6c2000-7fc4ea7f1000 rw-p 00000000 00:00 0 
7fc4ea7f1000-7fc4ea7fc000 rw-p 00000000 00:00 0 
7fc4ea7fc000-7fc4ea81a000 rw-p 00000000 00:00 0 
7fc4ea81a000-7fc4ea82e000 rw-p 00000000 00:00 0 
7fc4ea82e000-7fc4ea95c000 rw-p 00000000 00:00 0 
7fc4ea95c000-7fc4ea967000 rw-p 00000000 00:00 0 
7fc4ea967000-7fc4ea9fe000 rw-p 00000000 00:00 0 
7fc4ea9fe000-7fc4ea9ff000 rw-p 00000000 00:00 0 
7fc4ea9ff000-7fc4eaa19000 r-xp 00000000 08:01 5511084                    /home/renatooliveira/RECURSOS/java7/jre/lib/amd64/libzip.so
7fc4eaa19000-7fc4eac19000 ---p 0001a000 08:01 5511084                    /home/renatooliveira/RECURSOS/java7/jre/lib/amd64/libzip.so
7fc4eac19000-7fc4eac1a000 rw-p 0001a000 08:01 5511084                    /home/renatooliveira/RECURSOS/java7/jre/lib/amd64/libzip.so
7fc4eac1a000-7fc4eac26000 r-xp 00000000 08:01 14553407                   /lib/x86_64-linux-gnu/libnss_files-2.21.so
7fc4eac26000-7fc4eae25000 ---p 0000c000 08:01 14553407                   /lib/x86_64-linux-gnu/libnss_files-2.21.so
7fc4eae25000-7fc4eae26000 r--p 0000b000 08:01 14553407                   /lib/x86_64-linux-gnu/libnss_files-2.21.so
7fc4eae26000-7fc4eae27000 rw-p 0000c000 08:01 14553407                   /lib/x86_64-linux-gnu/libnss_files-2.21.so
7fc4eae27000-7fc4eae32000 r-xp 00000000 08:01 14549072                   /lib/x86_64-linux-gnu/libnss_nis-2.21.so
7fc4eae32000-7fc4eb031000 ---p 0000b000 08:01 14549072                   /lib/x86_64-linux-gnu/libnss_nis-2.21.so
7fc4eb031000-7fc4eb032000 r--p 0000a000 08:01 14549072                   /lib/x86_64-linux-gnu/libnss_nis-2.21.so
7fc4eb032000-7fc4eb033000 rw-p 0000b000 08:01 14549072                   /lib/x86_64-linux-gnu/libnss_nis-2.21.so
7fc4eb033000-7fc4eb04a000 r-xp 00000000 08:01 14553419                   /lib/x86_64-linux-gnu/libnsl-2.21.so
7fc4eb04a000-7fc4eb249000 ---p 00017000 08:01 14553419                   /lib/x86_64-linux-gnu/libnsl-2.21.so
7fc4eb249000-7fc4eb24a000 r--p 00016000 08:01 14553419                   /lib/x86_64-linux-gnu/libnsl-2.21.so
7fc4eb24a000-7fc4eb24b000 rw-p 00017000 08:01 14553419                   /lib/x86_64-linux-gnu/libnsl-2.21.so
7fc4eb24b000-7fc4eb24d000 rw-p 00000000 00:00 0 
7fc4eb24d000-7fc4eb255000 r-xp 00000000 08:01 14553411                   /lib/x86_64-linux-gnu/libnss_compat-2.21.so
7fc4eb255000-7fc4eb454000 ---p 00008000 08:01 14553411                   /lib/x86_64-linux-gnu/libnss_compat-2.21.so
7fc4eb454000-7fc4eb455000 r--p 00007000 08:01 14553411                   /lib/x86_64-linux-gnu/libnss_compat-2.21.so
7fc4eb455000-7fc4eb456000 rw-p 00008000 08:01 14553411                   /lib/x86_64-linux-gnu/libnss_compat-2.21.so
7fc4eb456000-7fc4eb460000 r-xp 00000000 08:01 5511082                    /home/renatooliveira/RECURSOS/java7/jre/lib/amd64/libinstrument.so
7fc4eb460000-7fc4eb65f000 ---p 0000a000 08:01 5511082                    /home/renatooliveira/RECURSOS/java7/jre/lib/amd64/libinstrument.so
7fc4eb65f000-7fc4eb660000 rw-p 00009000 08:01 5511082                    /home/renatooliveira/RECURSOS/java7/jre/lib/amd64/libinstrument.so
7fc4eb660000-7fc4eb689000 r-xp 00000000 08:01 5511067                    /home/renatooliveira/RECURSOS/java7/jre/lib/amd64/libjava.so
7fc4eb689000-7fc4eb889000 ---p 00029000 08:01 5511067                    /home/renatooliveira/RECURSOS/java7/jre/lib/amd64/libjava.so
7fc4eb889000-7fc4eb88b000 rw-p 00029000 08:01 5511067                    /home/renatooliveira/RECURSOS/java7/jre/lib/amd64/libjava.so
7fc4eb88b000-7fc4eb898000 r-xp 00000000 08:01 5511029                    /home/renatooliveira/RECURSOS/java7/jre/lib/amd64/libverify.so
7fc4eb898000-7fc4eba97000 ---p 0000d000 08:01 5511029                    /home/renatooliveira/RECURSOS/java7/jre/lib/amd64/libverify.so
7fc4eba97000-7fc4eba99000 rw-p 0000c000 08:01 5511029                    /home/renatooliveira/RECURSOS/java7/jre/lib/amd64/libverify.so
7fc4eba99000-7fc4ebaa0000 r-xp 00000000 08:01 14553421                   /lib/x86_64-linux-gnu/librt-2.21.so
7fc4ebaa0000-7fc4ebc9f000 ---p 00007000 08:01 14553421                   /lib/x86_64-linux-gnu/librt-2.21.so
7fc4ebc9f000-7fc4ebca0000 r--p 00006000 08:01 14553421                   /lib/x86_64-linux-gnu/librt-2.21.so
7fc4ebca0000-7fc4ebca1000 rw-p 00007000 08:01 14553421                   /lib/x86_64-linux-gnu/librt-2.21.so
7fc4ebca1000-7fc4ebda8000 r-xp 00000000 08:01 14553417                   /lib/x86_64-linux-gnu/libm-2.21.so
7fc4ebda8000-7fc4ebfa7000 ---p 00107000 08:01 14553417                   /lib/x86_64-linux-gnu/libm-2.21.so
7fc4ebfa7000-7fc4ebfa8000 r--p 00106000 08:01 14553417                   /lib/x86_64-linux-gnu/libm-2.21.so
7fc4ebfa8000-7fc4ebfa9000 rw-p 00107000 08:01 14553417                   /lib/x86_64-linux-gnu/libm-2.21.so
7fc4ebfa9000-7fc4ecb1c000 r-xp 00000000 08:01 5511043                    /home/renatooliveira/RECURSOS/java7/jre/lib/amd64/server/libjvm.so
7fc4ecb1c000-7fc4ecd1b000 ---p 00b73000 08:01 5511043                    /home/renatooliveira/RECURSOS/java7/jre/lib/amd64/server/libjvm.so
7fc4ecd1b000-7fc4ecddf000 rw-p 00b72000 08:01 5511043                    /home/renatooliveira/RECURSOS/java7/jre/lib/amd64/server/libjvm.so
7fc4ecddf000-7fc4ece20000 rw-p 00000000 00:00 0 
7fc4ece20000-7fc4ecfe0000 r-xp 00000000 08:01 14553425                   /lib/x86_64-linux-gnu/libc-2.21.so
7fc4ecfe0000-7fc4ed1e0000 ---p 001c0000 08:01 14553425                   /lib/x86_64-linux-gnu/libc-2.21.so
7fc4ed1e0000-7fc4ed1e4000 r--p 001c0000 08:01 14553425                   /lib/x86_64-linux-gnu/libc-2.21.so
7fc4ed1e4000-7fc4ed1e6000 rw-p 001c4000 08:01 14553425                   /lib/x86_64-linux-gnu/libc-2.21.so
7fc4ed1e6000-7fc4ed1ea000 rw-p 00000000 00:00 0 
7fc4ed1ea000-7fc4ed1ed000 r-xp 00000000 08:01 14553148                   /lib/x86_64-linux-gnu/libdl-2.21.so
7fc4ed1ed000-7fc4ed3ec000 ---p 00003000 08:01 14553148                   /lib/x86_64-linux-gnu/libdl-2.21.so
7fc4ed3ec000-7fc4ed3ed000 r--p 00002000 08:01 14553148                   /lib/x86_64-linux-gnu/libdl-2.21.so
7fc4ed3ed000-7fc4ed3ee000 rw-p 00003000 08:01 14553148                   /lib/x86_64-linux-gnu/libdl-2.21.so
7fc4ed3ee000-7fc4ed404000 r-xp 00000000 08:01 5509217                    /home/renatooliveira/RECURSOS/java7/lib/amd64/jli/libjli.so
7fc4ed404000-7fc4ed604000 ---p 00016000 08:01 5509217                    /home/renatooliveira/RECURSOS/java7/lib/amd64/jli/libjli.so
7fc4ed604000-7fc4ed605000 rw-p 00016000 08:01 5509217                    /home/renatooliveira/RECURSOS/java7/lib/amd64/jli/libjli.so
7fc4ed605000-7fc4ed61d000 r-xp 00000000 08:01 14553401                   /lib/x86_64-linux-gnu/libpthread-2.21.so
7fc4ed61d000-7fc4ed81d000 ---p 00018000 08:01 14553401                   /lib/x86_64-linux-gnu/libpthread-2.21.so
7fc4ed81d000-7fc4ed81e000 r--p 00018000 08:01 14553401                   /lib/x86_64-linux-gnu/libpthread-2.21.so
7fc4ed81e000-7fc4ed81f000 rw-p 00019000 08:01 14553401                   /lib/x86_64-linux-gnu/libpthread-2.21.so
7fc4ed81f000-7fc4ed823000 rw-p 00000000 00:00 0 
7fc4ed823000-7fc4ed847000 r-xp 00000000 08:01 14553200                   /lib/x86_64-linux-gnu/ld-2.21.so
7fc4ed852000-7fc4ed871000 rw-p 00000000 00:00 0 
7fc4ed871000-7fc4ed927000 rw-p 00000000 00:00 0 
7fc4ed927000-7fc4ed92a000 ---p 00000000 00:00 0 
7fc4ed92a000-7fc4eda2c000 rw-p 00000000 00:00 0                          [stack:9574]
7fc4eda38000-7fc4eda3a000 rw-p 00000000 00:00 0 
7fc4eda3a000-7fc4eda42000 rw-s 00000000 08:01 8391454                    /tmp/hsperfdata_renatooliveira/9569
7fc4eda42000-7fc4eda43000 rw-p 00000000 00:00 0 
7fc4eda43000-7fc4eda44000 r--p 00000000 00:00 0 
7fc4eda44000-7fc4eda46000 rw-p 00000000 00:00 0 
7fc4eda46000-7fc4eda47000 r--p 00023000 08:01 14553200                   /lib/x86_64-linux-gnu/ld-2.21.so
7fc4eda47000-7fc4eda48000 rw-p 00024000 08:01 14553200                   /lib/x86_64-linux-gnu/ld-2.21.so
7fc4eda48000-7fc4eda49000 rw-p 00000000 00:00 0 
7ffdde512000-7ffdde534000 rw-p 00000000 00:00 0                          [stack]
7ffdde59d000-7ffdde59f000 r--p 00000000 00:00 0                          [vvar]
7ffdde59f000-7ffdde5a1000 r-xp 00000000 00:00 0                          [vdso]
ffffffffff600000-ffffffffff601000 r-xp 00000000 00:00 0                  [vsyscall]

VM Arguments:
jvm_args: -javaagent:/usr/share/java/jayatanaag.jar -Dfile.encoding=UTF-8 -Xbootclasspath:/home/renatooliveira/android-sdks/platforms/android-19/android.jar 
java_command: br.com.renato.financeiro.Teste
Launcher Type: SUN_STANDARD

Environment Variables:
JAVA_HOME=/home/renatooliveira/RECURSOS/java7
JAVA_TOOL_OPTIONS=-javaagent:/usr/share/java/jayatanaag.jar 
PATH=/home/renatooliveira/RECURSOS/java7/bin:/usr/local/sbin:/usr/local/bin:/usr/sbin:/usr/bin:/sbin:/bin:/usr/games:/usr/local/games:/home/renatooliveira/.bin
SHELL=/bin/bash
DISPLAY=:0

Signal Handlers:
SIGSEGV: [libjvm.so+0x9a1a10], sa_mask[0]=0x7ffbfeff, sa_flags=0x10000004
SIGBUS: [libjvm.so+0x9a1a10], sa_mask[0]=0x7ffbfeff, sa_flags=0x10000004
SIGFPE: [libjvm.so+0x81bae0], sa_mask[0]=0x7ffbfeff, sa_flags=0x10000004
SIGPIPE: [libjvm.so+0x81bae0], sa_mask[0]=0x7ffbfeff, sa_flags=0x10000004
SIGXFSZ: [libjvm.so+0x81bae0], sa_mask[0]=0x7ffbfeff, sa_flags=0x10000004
SIGILL: [libjvm.so+0x81bae0], sa_mask[0]=0x7ffbfeff, sa_flags=0x10000004
SIGUSR1: SIG_DFL, sa_mask[0]=0x00000000, sa_flags=0x00000000
SIGUSR2: [libjvm.so+0x81d2e0], sa_mask[0]=0x00000004, sa_flags=0x10000004
SIGHUP: SIG_DFL, sa_mask[0]=0x00000000, sa_flags=0x00000000
SIGINT: SIG_DFL, sa_mask[0]=0x00000000, sa_flags=0x00000000
SIGTERM: SIG_DFL, sa_mask[0]=0x00000000, sa_flags=0x00000000
SIGQUIT: SIG_DFL, sa_mask[0]=0x00000000, sa_flags=0x00000000


---------------  S Y S T E M  ---------------

OS:jessie/sid

uname:Linux 3.19.0-18-generic #18-Ubuntu SMP Tue May 19 18:31:35 UTC 2015 x86_64
libc:glibc 2.21 NPTL 2.21 
rlimit: STACK 8192k, CORE 0k, NPROC 15397, NOFILE 65536, AS infinity
load average:0.51 0.56 0.50

/proc/meminfo:
MemTotal:        3964176 kB
MemFree:          156608 kB
MemAvailable:     553520 kB
Buffers:           82732 kB
Cached:           740808 kB
SwapCached:         9204 kB
Active:          2600440 kB
Inactive:        1036052 kB
Active(anon):    2312116 kB
Inactive(anon):   780608 kB
Active(file):     288324 kB
Inactive(file):   255444 kB
Unevictable:          48 kB
Mlocked:              48 kB
SwapTotal:       4109308 kB
SwapFree:        3668024 kB
Dirty:              6260 kB
Writeback:             0 kB
AnonPages:       2809984 kB
Mapped:           268380 kB
Shmem:            279772 kB
Slab:              78336 kB
SReclaimable:      44156 kB
SUnreclaim:        34180 kB
KernelStack:        9760 kB
PageTables:        46036 kB
NFS_Unstable:          0 kB
Bounce:                0 kB
WritebackTmp:          0 kB
CommitLimit:     6091396 kB
Committed_AS:   10416292 kB
VmallocTotal:   34359738367 kB
VmallocUsed:      347612 kB
VmallocChunk:   34359317048 kB
HardwareCorrupted:     0 kB
AnonHugePages:    901120 kB
CmaTotal:              0 kB
CmaFree:               0 kB
HugePages_Total:       0
HugePages_Free:        0
HugePages_Rsvd:        0
HugePages_Surp:        0
Hugepagesize:       2048 kB
DirectMap4k:      164880 kB
DirectMap2M:     3946496 kB
DirectMap1G:           0 kB


CPU:total 4 (4 cores per cpu, 1 threads per core) family 6 model 60 stepping 3, cmov, cx8, fxsr, mmx, sse, sse2, sse3, ssse3, sse4.1, sse4.2, popcnt, avx, avx2, aes, erms, tsc, tscinvbit

/proc/cpuinfo:
processor	: 0
vendor_id	: GenuineIntel
cpu family	: 6
model		: 60
model name	: Intel(R) Core(TM) i5-4590 CPU @ 3.30GHz
stepping	: 3
microcode	: 0x1c
cpu MHz		: 3530.097
cache size	: 6144 KB
physical id	: 0
siblings	: 4
core id		: 0
cpu cores	: 4
apicid		: 0
initial apicid	: 0
fpu		: yes
fpu_exception	: yes
cpuid level	: 13
wp		: yes
flags		: fpu vme de pse tsc msr pae mce cx8 apic sep mtrr pge mca cmov pat pse36 clflush dts acpi mmx fxsr sse sse2 ss ht tm pbe syscall nx pdpe1gb rdtscp lm constant_tsc arch_perfmon pebs bts rep_good nopl xtopology nonstop_tsc aperfmperf eagerfpu pni pclmulqdq dtes64 monitor ds_cpl vmx smx est tm2 ssse3 fma cx16 xtpr pdcm pcid sse4_1 sse4_2 x2apic movbe popcnt tsc_deadline_timer aes xsave avx f16c rdrand lahf_lm abm ida arat epb pln pts dtherm tpr_shadow vnmi flexpriority ept vpid fsgsbase tsc_adjust bmi1 avx2 smep bmi2 erms invpcid xsaveopt
bugs		:
bogomips	: 6585.10
clflush size	: 64
cache_alignment	: 64
address sizes	: 39 bits physical, 48 bits virtual
power management:

processor	: 1
vendor_id	: GenuineIntel
cpu family	: 6
model		: 60
model name	: Intel(R) Core(TM) i5-4590 CPU @ 3.30GHz
stepping	: 3
microcode	: 0x1c
cpu MHz		: 3525.714
cache size	: 6144 KB
physical id	: 0
siblings	: 4
core id		: 1
cpu cores	: 4
apicid		: 2
initial apicid	: 2
fpu		: yes
fpu_exception	: yes
cpuid level	: 13
wp		: yes
flags		: fpu vme de pse tsc msr pae mce cx8 apic sep mtrr pge mca cmov pat pse36 clflush dts acpi mmx fxsr sse sse2 ss ht tm pbe syscall nx pdpe1gb rdtscp lm constant_tsc arch_perfmon pebs bts rep_good nopl xtopology nonstop_tsc aperfmperf eagerfpu pni pclmulqdq dtes64 monitor ds_cpl vmx smx est tm2 ssse3 fma cx16 xtpr pdcm pcid sse4_1 sse4_2 x2apic movbe popcnt tsc_deadline_timer aes xsave avx f16c rdrand lahf_lm abm ida arat epb pln pts dtherm tpr_shadow vnmi flexpriority ept vpid fsgsbase tsc_adjust bmi1 avx2 smep bmi2 erms invpcid xsaveopt
bugs		:
bogomips	: 6585.10
clflush size	: 64
cache_alignment	: 64
address sizes	: 39 bits physical, 48 bits virtual
power management:

processor	: 2
vendor_id	: GenuineIntel
cpu family	: 6
model		: 60
model name	: Intel(R) Core(TM) i5-4590 CPU @ 3.30GHz
stepping	: 3
microcode	: 0x1c
cpu MHz		: 2751.632
cache size	: 6144 KB
physical id	: 0
siblings	: 4
core id		: 2
cpu cores	: 4
apicid		: 4
initial apicid	: 4
fpu		: yes
fpu_exception	: yes
cpuid level	: 13
wp		: yes
flags		: fpu vme de pse tsc msr pae mce cx8 apic sep mtrr pge mca cmov pat pse36 clflush dts acpi mmx fxsr sse sse2 ss ht tm pbe syscall nx pdpe1gb rdtscp lm constant_tsc arch_perfmon pebs bts rep_good nopl xtopology nonstop_tsc aperfmperf eagerfpu pni pclmulqdq dtes64 monitor ds_cpl vmx smx est tm2 ssse3 fma cx16 xtpr pdcm pcid sse4_1 sse4_2 x2apic movbe popcnt tsc_deadline_timer aes xsave avx f16c rdrand lahf_lm abm ida arat epb pln pts dtherm tpr_shadow vnmi flexpriority ept vpid fsgsbase tsc_adjust bmi1 avx2 smep bmi2 erms invpcid xsaveopt
bugs		:
bogomips	: 6585.10
clflush size	: 64
cache_alignment	: 64
address sizes	: 39 bits physical, 48 bits virtual
power management:

processor	: 3
vendor_id	: GenuineIntel
cpu family	: 6
model		: 60
model name	: Intel(R) Core(TM) i5-4590 CPU @ 3.30GHz
stepping	: 3
microcode	: 0x1c
cpu MHz		: 3603.445
cache size	: 6144 KB
physical id	: 0
siblings	: 4
core id		: 3
cpu cores	: 4
apicid		: 6
initial apicid	: 6
fpu		: yes
fpu_exception	: yes
cpuid level	: 13
wp		: yes
flags		: fpu vme de pse tsc msr pae mce cx8 apic sep mtrr pge mca cmov pat pse36 clflush dts acpi mmx fxsr sse sse2 ss ht tm pbe syscall nx pdpe1gb rdtscp lm constant_tsc arch_perfmon pebs bts rep_good nopl xtopology nonstop_tsc aperfmperf eagerfpu pni pclmulqdq dtes64 monitor ds_cpl vmx smx est tm2 ssse3 fma cx16 xtpr pdcm pcid sse4_1 sse4_2 x2apic movbe popcnt tsc_deadline_timer aes xsave avx f16c rdrand lahf_lm abm ida arat epb pln pts dtherm tpr_shadow vnmi flexpriority ept vpid fsgsbase tsc_adjust bmi1 avx2 smep bmi2 erms invpcid xsaveopt
bugs		:
bogomips	: 6585.10
clflush size	: 64
cache_alignment	: 64
address sizes	: 39 bits physical, 48 bits virtual
power management:



Memory: 4k page, physical 3964176k(156608k free), swap 4109308k(3668024k free)

vm_info: Java HotSpot(TM) 64-Bit Server VM (24.72-b04) for linux-amd64 JRE (1.7.0_72-b14), built on Sep 26 2014 18:20:41 by "java_re" with gcc 4.3.0 20080428 (Red Hat 4.3.0-8)

time: Mon May 25 15:58:18 2015
elapsed time: 0 seconds

