#
# A fatal error has been detected by the Java Runtime Environment:
#
#  Internal Error (javaClasses.cpp:136), pid=4855, tid=139994528601856
#  fatal error: Invalid layout of preloaded class
#
# JRE version:  (7.0_72-b14) (build )
# Java VM: Java HotSpot(TM) 64-Bit Server VM (24.72-b04 mixed mode linux-amd64 compressed oops)
# Failed to write core dump. Core dumps have been disabled. To enable core dumping, try "ulimit -c unlimited" before starting Java again
#
# If you would like to submit a bug report, please visit:
#   http://bugreport.sun.com/bugreport/crash.jsp
#

---------------  T H R E A D  ---------------

Current thread (0x00007f52fc00a800):  JavaThread "Unknown thread" [_thread_in_vm, id=4860, stack(0x00007f530415d000,0x00007f530425e000)]

Stack: [0x00007f530415d000,0x00007f530425e000],  sp=0x00007f530425c7f0,  free space=1021k
Native frames: (J=compiled Java code, j=interpreted, Vv=VM code, C=native code)
V  [libjvm.so+0x9a10fa]  VMError::report_and_die()+0x2ea
V  [libjvm.so+0x497919]  report_fatal(char const*, int, char const*)+0x59
V  [libjvm.so+0x6066c5]  compute_offset(int&, klassOopDesc*, Symbol*, Symbol*, bool)+0x135
V  [libjvm.so+0x607769]  java_lang_String::compute_offsets()+0x49
V  [libjvm.so+0x927185]  SystemDictionary::initialize_preloaded_classes(Thread*)+0x235
V  [libjvm.so+0x974af4]  Universe::genesis(Thread*)+0x494
V  [libjvm.so+0x974fa9]  universe2_init()+0x29
V  [libjvm.so+0x5b0fdd]  init_globals()+0xbd
V  [libjvm.so+0x95bbdd]  Threads::create_vm(JavaVMInitArgs*, bool*)+0x1ed
V  [libjvm.so+0x639234]  JNI_CreateJavaVM+0x74
C  [libjli.so+0x2f8e]  JavaMain+0x9e


---------------  P R O C E S S  ---------------

Java Threads: ( => current thread )

Other Threads:

=>0x00007f52fc00a800 (exited) JavaThread "Unknown thread" [_thread_in_vm, id=4860, stack(0x00007f530415d000,0x00007f530425e000)]

VM state:not at safepoint (not fully initialized)

VM Mutex/Monitor currently owned by a thread: None

GC Heap History (0 events):
No events

Deoptimization events (0 events):
No events

Internal exceptions (0 events):
No events

Events (10 events):
Event: 0.008 loading class 0x00007f530084f6f0 done
Event: 0.008 loading class 0x00007f530084f110 done
Event: 0.008 loading class 0x00007f530084f0f0
Event: 0.008 loading class 0x00007f5300857240
Event: 0.008 loading class 0x00007f5300857240 done
Event: 0.008 loading class 0x00007f5300857270
Event: 0.008 loading class 0x00007f5300857270 done
Event: 0.008 loading class 0x00007f53008572a0
Event: 0.008 loading class 0x00007f53008572a0 done
Event: 0.008 loading class 0x00007f530084f0f0 done


Dynamic libraries:
00400000-00401000 r-xp 00000000 08:01 5510380                            /home/renatooliveira/RECURSOS/java7/bin/java
00600000-00601000 rw-p 00000000 08:01 5510380                            /home/renatooliveira/RECURSOS/java7/bin/java
0242b000-0244c000 rw-p 00000000 00:00 0                                  [heap]
be600000-bfb00000 rw-p 00000000 00:00 0 
bfb00000-c3800000 rw-p 00000000 00:00 0 
c3800000-c6000000 rw-p 00000000 00:00 0 
c6000000-ebd00000 rw-p 00000000 00:00 0 
ebd00000-ed180000 rw-p 00000000 00:00 0 
ed180000-100000000 rw-p 00000000 00:00 0 
7f52dc000000-7f52dc021000 rw-p 00000000 00:00 0 
7f52dc021000-7f52e0000000 ---p 00000000 00:00 0 
7f52e4000000-7f52e4021000 rw-p 00000000 00:00 0 
7f52e4021000-7f52e8000000 ---p 00000000 00:00 0 
7f52ec000000-7f52ec021000 rw-p 00000000 00:00 0 
7f52ec021000-7f52f0000000 ---p 00000000 00:00 0 
7f52f1f30000-7f52f4000000 rw-p 00000000 00:00 0 
7f52f4000000-7f52f4021000 rw-p 00000000 00:00 0 
7f52f4021000-7f52f8000000 ---p 00000000 00:00 0 
7f52f9000000-7f52f9270000 rwxp 00000000 00:00 0 
7f52f9270000-7f52fc0a4000 rw-p 00000000 00:00 0 
7f52fc0a4000-7f5300000000 ---p 00000000 00:00 0 
7f53004bb000-7f5300702000 rw-p 00000000 00:00 0 
7f5300702000-7f53007d9000 r--s 013fe000 08:01 9053119                    /home/renatooliveira/android-sdks/platforms/android-19/android.jar
7f53007d9000-7f5300ab7000 rw-p 00000000 00:00 0 
7f5300ab7000-7f5300ab8000 ---p 00000000 00:00 0 
7f5300ab8000-7f5300bb8000 rw-p 00000000 00:00 0                          [stack:4864]
7f5300bb8000-7f5300bb9000 ---p 00000000 00:00 0 
7f5300bb9000-7f5300cb9000 rw-p 00000000 00:00 0                          [stack:4863]
7f5300cb9000-7f5300cba000 ---p 00000000 00:00 0 
7f5300cba000-7f5300dba000 rw-p 00000000 00:00 0                          [stack:4862]
7f5300dba000-7f5300dbb000 ---p 00000000 00:00 0 
7f5300dbb000-7f5300ec6000 rw-p 00000000 00:00 0                          [stack:4861]
7f5300ec6000-7f5300ee4000 rw-p 00000000 00:00 0 
7f5300ee4000-7f5300ef8000 rw-p 00000000 00:00 0 
7f5300ef8000-7f5301027000 rw-p 00000000 00:00 0 
7f5301027000-7f5301032000 rw-p 00000000 00:00 0 
7f5301032000-7f5301050000 rw-p 00000000 00:00 0 
7f5301050000-7f5301064000 rw-p 00000000 00:00 0 
7f5301064000-7f5301192000 rw-p 00000000 00:00 0 
7f5301192000-7f530119d000 rw-p 00000000 00:00 0 
7f530119d000-7f5301234000 rw-p 00000000 00:00 0 
7f5301234000-7f5301235000 rw-p 00000000 00:00 0 
7f5301235000-7f530124f000 r-xp 00000000 08:01 5511084                    /home/renatooliveira/RECURSOS/java7/jre/lib/amd64/libzip.so
7f530124f000-7f530144f000 ---p 0001a000 08:01 5511084                    /home/renatooliveira/RECURSOS/java7/jre/lib/amd64/libzip.so
7f530144f000-7f5301450000 rw-p 0001a000 08:01 5511084                    /home/renatooliveira/RECURSOS/java7/jre/lib/amd64/libzip.so
7f5301450000-7f530145c000 r-xp 00000000 08:01 14553407                   /lib/x86_64-linux-gnu/libnss_files-2.21.so
7f530145c000-7f530165b000 ---p 0000c000 08:01 14553407                   /lib/x86_64-linux-gnu/libnss_files-2.21.so
7f530165b000-7f530165c000 r--p 0000b000 08:01 14553407                   /lib/x86_64-linux-gnu/libnss_files-2.21.so
7f530165c000-7f530165d000 rw-p 0000c000 08:01 14553407                   /lib/x86_64-linux-gnu/libnss_files-2.21.so
7f530165d000-7f5301668000 r-xp 00000000 08:01 14549072                   /lib/x86_64-linux-gnu/libnss_nis-2.21.so
7f5301668000-7f5301867000 ---p 0000b000 08:01 14549072                   /lib/x86_64-linux-gnu/libnss_nis-2.21.so
7f5301867000-7f5301868000 r--p 0000a000 08:01 14549072                   /lib/x86_64-linux-gnu/libnss_nis-2.21.so
7f5301868000-7f5301869000 rw-p 0000b000 08:01 14549072                   /lib/x86_64-linux-gnu/libnss_nis-2.21.so
7f5301869000-7f5301880000 r-xp 00000000 08:01 14553419                   /lib/x86_64-linux-gnu/libnsl-2.21.so
7f5301880000-7f5301a7f000 ---p 00017000 08:01 14553419                   /lib/x86_64-linux-gnu/libnsl-2.21.so
7f5301a7f000-7f5301a80000 r--p 00016000 08:01 14553419                   /lib/x86_64-linux-gnu/libnsl-2.21.so
7f5301a80000-7f5301a81000 rw-p 00017000 08:01 14553419                   /lib/x86_64-linux-gnu/libnsl-2.21.so
7f5301a81000-7f5301a83000 rw-p 00000000 00:00 0 
7f5301a83000-7f5301a8b000 r-xp 00000000 08:01 14553411                   /lib/x86_64-linux-gnu/libnss_compat-2.21.so
7f5301a8b000-7f5301c8a000 ---p 00008000 08:01 14553411                   /lib/x86_64-linux-gnu/libnss_compat-2.21.so
7f5301c8a000-7f5301c8b000 r--p 00007000 08:01 14553411                   /lib/x86_64-linux-gnu/libnss_compat-2.21.so
7f5301c8b000-7f5301c8c000 rw-p 00008000 08:01 14553411                   /lib/x86_64-linux-gnu/libnss_compat-2.21.so
7f5301c8c000-7f5301c96000 r-xp 00000000 08:01 5511082                    /home/renatooliveira/RECURSOS/java7/jre/lib/amd64/libinstrument.so
7f5301c96000-7f5301e95000 ---p 0000a000 08:01 5511082                    /home/renatooliveira/RECURSOS/java7/jre/lib/amd64/libinstrument.so
7f5301e95000-7f5301e96000 rw-p 00009000 08:01 5511082                    /home/renatooliveira/RECURSOS/java7/jre/lib/amd64/libinstrument.so
7f5301e96000-7f5301ebf000 r-xp 00000000 08:01 5511067                    /home/renatooliveira/RECURSOS/java7/jre/lib/amd64/libjava.so
7f5301ebf000-7f53020bf000 ---p 00029000 08:01 5511067                    /home/renatooliveira/RECURSOS/java7/jre/lib/amd64/libjava.so
7f53020bf000-7f53020c1000 rw-p 00029000 08:01 5511067                    /home/renatooliveira/RECURSOS/java7/jre/lib/amd64/libjava.so
7f53020c1000-7f53020ce000 r-xp 00000000 08:01 5511029                    /home/renatooliveira/RECURSOS/java7/jre/lib/amd64/libverify.so
7f53020ce000-7f53022cd000 ---p 0000d000 08:01 5511029                    /home/renatooliveira/RECURSOS/java7/jre/lib/amd64/libverify.so
7f53022cd000-7f53022cf000 rw-p 0000c000 08:01 5511029                    /home/renatooliveira/RECURSOS/java7/jre/lib/amd64/libverify.so
7f53022cf000-7f53022d6000 r-xp 00000000 08:01 14553421                   /lib/x86_64-linux-gnu/librt-2.21.so
7f53022d6000-7f53024d5000 ---p 00007000 08:01 14553421                   /lib/x86_64-linux-gnu/librt-2.21.so
7f53024d5000-7f53024d6000 r--p 00006000 08:01 14553421                   /lib/x86_64-linux-gnu/librt-2.21.so
7f53024d6000-7f53024d7000 rw-p 00007000 08:01 14553421                   /lib/x86_64-linux-gnu/librt-2.21.so
7f53024d7000-7f53025de000 r-xp 00000000 08:01 14553417                   /lib/x86_64-linux-gnu/libm-2.21.so
7f53025de000-7f53027dd000 ---p 00107000 08:01 14553417                   /lib/x86_64-linux-gnu/libm-2.21.so
7f53027dd000-7f53027de000 r--p 00106000 08:01 14553417                   /lib/x86_64-linux-gnu/libm-2.21.so
7f53027de000-7f53027df000 rw-p 00107000 08:01 14553417                   /lib/x86_64-linux-gnu/libm-2.21.so
7f53027df000-7f5303352000 r-xp 00000000 08:01 5511043                    /home/renatooliveira/RECURSOS/java7/jre/lib/amd64/server/libjvm.so
7f5303352000-7f5303551000 ---p 00b73000 08:01 5511043                    /home/renatooliveira/RECURSOS/java7/jre/lib/amd64/server/libjvm.so
7f5303551000-7f5303615000 rw-p 00b72000 08:01 5511043                    /home/renatooliveira/RECURSOS/java7/jre/lib/amd64/server/libjvm.so
7f5303615000-7f5303656000 rw-p 00000000 00:00 0 
7f5303656000-7f5303816000 r-xp 00000000 08:01 14553425                   /lib/x86_64-linux-gnu/libc-2.21.so
7f5303816000-7f5303a16000 ---p 001c0000 08:01 14553425                   /lib/x86_64-linux-gnu/libc-2.21.so
7f5303a16000-7f5303a1a000 r--p 001c0000 08:01 14553425                   /lib/x86_64-linux-gnu/libc-2.21.so
7f5303a1a000-7f5303a1c000 rw-p 001c4000 08:01 14553425                   /lib/x86_64-linux-gnu/libc-2.21.so
7f5303a1c000-7f5303a20000 rw-p 00000000 00:00 0 
7f5303a20000-7f5303a23000 r-xp 00000000 08:01 14553148                   /lib/x86_64-linux-gnu/libdl-2.21.so
7f5303a23000-7f5303c22000 ---p 00003000 08:01 14553148                   /lib/x86_64-linux-gnu/libdl-2.21.so
7f5303c22000-7f5303c23000 r--p 00002000 08:01 14553148                   /lib/x86_64-linux-gnu/libdl-2.21.so
7f5303c23000-7f5303c24000 rw-p 00003000 08:01 14553148                   /lib/x86_64-linux-gnu/libdl-2.21.so
7f5303c24000-7f5303c3a000 r-xp 00000000 08:01 5509217                    /home/renatooliveira/RECURSOS/java7/lib/amd64/jli/libjli.so
7f5303c3a000-7f5303e3a000 ---p 00016000 08:01 5509217                    /home/renatooliveira/RECURSOS/java7/lib/amd64/jli/libjli.so
7f5303e3a000-7f5303e3b000 rw-p 00016000 08:01 5509217                    /home/renatooliveira/RECURSOS/java7/lib/amd64/jli/libjli.so
7f5303e3b000-7f5303e53000 r-xp 00000000 08:01 14553401                   /lib/x86_64-linux-gnu/libpthread-2.21.so
7f5303e53000-7f5304053000 ---p 00018000 08:01 14553401                   /lib/x86_64-linux-gnu/libpthread-2.21.so
7f5304053000-7f5304054000 r--p 00018000 08:01 14553401                   /lib/x86_64-linux-gnu/libpthread-2.21.so
7f5304054000-7f5304055000 rw-p 00019000 08:01 14553401                   /lib/x86_64-linux-gnu/libpthread-2.21.so
7f5304055000-7f5304059000 rw-p 00000000 00:00 0 
7f5304059000-7f530407d000 r-xp 00000000 08:01 14553200                   /lib/x86_64-linux-gnu/ld-2.21.so
7f5304088000-7f53040a7000 rw-p 00000000 00:00 0 
7f53040a7000-7f530415d000 rw-p 00000000 00:00 0 
7f530415d000-7f5304160000 ---p 00000000 00:00 0 
7f5304160000-7f5304262000 rw-p 00000000 00:00 0                          [stack:4860]
7f530426e000-7f5304270000 rw-p 00000000 00:00 0 
7f5304270000-7f5304278000 rw-s 00000000 08:01 8389087                    /tmp/hsperfdata_renatooliveira/4855
7f5304278000-7f5304279000 rw-p 00000000 00:00 0 
7f5304279000-7f530427a000 r--p 00000000 00:00 0 
7f530427a000-7f530427c000 rw-p 00000000 00:00 0 
7f530427c000-7f530427d000 r--p 00023000 08:01 14553200                   /lib/x86_64-linux-gnu/ld-2.21.so
7f530427d000-7f530427e000 rw-p 00024000 08:01 14553200                   /lib/x86_64-linux-gnu/ld-2.21.so
7f530427e000-7f530427f000 rw-p 00000000 00:00 0 
7ffee9042000-7ffee9064000 rw-p 00000000 00:00 0                          [stack]
7ffee91f7000-7ffee91f9000 r--p 00000000 00:00 0                          [vvar]
7ffee91f9000-7ffee91fb000 r-xp 00000000 00:00 0                          [vdso]
ffffffffff600000-ffffffffff601000 r-xp 00000000 00:00 0                  [vsyscall]

VM Arguments:
jvm_args: -javaagent:/usr/share/java/jayatanaag.jar -Dfile.encoding=UTF-8 -Xbootclasspath:/home/renatooliveira/android-sdks/platforms/android-19/android.jar 
java_command: br.com.renato.financeiro.Teste
Launcher Type: SUN_STANDARD

Environment Variables:
JAVA_HOME=/home/renatooliveira/RECURSOS/java7
JAVA_TOOL_OPTIONS=-javaagent:/usr/share/java/jayatanaag.jar 
PATH=/home/renatooliveira/RECURSOS/java7/bin:/usr/local/sbin:/usr/local/bin:/usr/sbin:/usr/bin:/sbin:/bin:/usr/games:/usr/local/games:/home/renatooliveira/.bin
SHELL=/bin/bash
DISPLAY=:0

Signal Handlers:
SIGSEGV: [libjvm.so+0x9a1a10], sa_mask[0]=0x7ffbfeff, sa_flags=0x10000004
SIGBUS: [libjvm.so+0x9a1a10], sa_mask[0]=0x7ffbfeff, sa_flags=0x10000004
SIGFPE: [libjvm.so+0x81bae0], sa_mask[0]=0x7ffbfeff, sa_flags=0x10000004
SIGPIPE: [libjvm.so+0x81bae0], sa_mask[0]=0x7ffbfeff, sa_flags=0x10000004
SIGXFSZ: [libjvm.so+0x81bae0], sa_mask[0]=0x7ffbfeff, sa_flags=0x10000004
SIGILL: [libjvm.so+0x81bae0], sa_mask[0]=0x7ffbfeff, sa_flags=0x10000004
SIGUSR1: SIG_DFL, sa_mask[0]=0x00000000, sa_flags=0x00000000
SIGUSR2: [libjvm.so+0x81d2e0], sa_mask[0]=0x00000004, sa_flags=0x10000004
SIGHUP: SIG_DFL, sa_mask[0]=0x00000000, sa_flags=0x00000000
SIGINT: SIG_DFL, sa_mask[0]=0x00000000, sa_flags=0x00000000
SIGTERM: SIG_DFL, sa_mask[0]=0x00000000, sa_flags=0x00000000
SIGQUIT: SIG_DFL, sa_mask[0]=0x00000000, sa_flags=0x00000000


---------------  S Y S T E M  ---------------

OS:jessie/sid

uname:Linux 3.19.0-18-generic #18-Ubuntu SMP Tue May 19 18:31:35 UTC 2015 x86_64
libc:glibc 2.21 NPTL 2.21 
rlimit: STACK 8192k, CORE 0k, NPROC 15397, NOFILE 65536, AS infinity
load average:0.50 0.49 0.52

/proc/meminfo:
MemTotal:        3964176 kB
MemFree:          306180 kB
MemAvailable:     458280 kB
Buffers:           28720 kB
Cached:           549524 kB
SwapCached:        14508 kB
Active:          2626516 kB
Inactive:         855820 kB
Active(anon):    2450672 kB
Inactive(anon):   735444 kB
Active(file):     175844 kB
Inactive(file):   120376 kB
Unevictable:          48 kB
Mlocked:              48 kB
SwapTotal:       4109308 kB
SwapFree:        3830728 kB
Dirty:               228 kB
Writeback:             0 kB
AnonPages:       2891236 kB
Mapped:           301888 kB
Shmem:            282024 kB
Slab:              82964 kB
SReclaimable:      49628 kB
SUnreclaim:        33336 kB
KernelStack:       10144 kB
PageTables:        45424 kB
NFS_Unstable:          0 kB
Bounce:                0 kB
WritebackTmp:          0 kB
CommitLimit:     6091396 kB
Committed_AS:   10310984 kB
VmallocTotal:   34359738367 kB
VmallocUsed:      347624 kB
VmallocChunk:   34359317048 kB
HardwareCorrupted:     0 kB
AnonHugePages:   1370112 kB
CmaTotal:              0 kB
CmaFree:               0 kB
HugePages_Total:       0
HugePages_Free:        0
HugePages_Rsvd:        0
HugePages_Surp:        0
Hugepagesize:       2048 kB
DirectMap4k:      136208 kB
DirectMap2M:     3975168 kB
DirectMap1G:           0 kB


CPU:total 4 (4 cores per cpu, 1 threads per core) family 6 model 60 stepping 3, cmov, cx8, fxsr, mmx, sse, sse2, sse3, ssse3, sse4.1, sse4.2, popcnt, avx, avx2, aes, erms, tsc, tscinvbit

/proc/cpuinfo:
processor	: 0
vendor_id	: GenuineIntel
cpu family	: 6
model		: 60
model name	: Intel(R) Core(TM) i5-4590 CPU @ 3.30GHz
stepping	: 3
microcode	: 0x1c
cpu MHz		: 3420.269
cache size	: 6144 KB
physical id	: 0
siblings	: 4
core id		: 0
cpu cores	: 4
apicid		: 0
initial apicid	: 0
fpu		: yes
fpu_exception	: yes
cpuid level	: 13
wp		: yes
flags		: fpu vme de pse tsc msr pae mce cx8 apic sep mtrr pge mca cmov pat pse36 clflush dts acpi mmx fxsr sse sse2 ss ht tm pbe syscall nx pdpe1gb rdtscp lm constant_tsc arch_perfmon pebs bts rep_good nopl xtopology nonstop_tsc aperfmperf eagerfpu pni pclmulqdq dtes64 monitor ds_cpl vmx smx est tm2 ssse3 fma cx16 xtpr pdcm pcid sse4_1 sse4_2 x2apic movbe popcnt tsc_deadline_timer aes xsave avx f16c rdrand lahf_lm abm ida arat epb pln pts dtherm tpr_shadow vnmi flexpriority ept vpid fsgsbase tsc_adjust bmi1 avx2 smep bmi2 erms invpcid xsaveopt
bugs		:
bogomips	: 6585.10
clflush size	: 64
cache_alignment	: 64
address sizes	: 39 bits physical, 48 bits virtual
power management:

processor	: 1
vendor_id	: GenuineIntel
cpu family	: 6
model		: 60
model name	: Intel(R) Core(TM) i5-4590 CPU @ 3.30GHz
stepping	: 3
microcode	: 0x1c
cpu MHz		: 3417.433
cache size	: 6144 KB
physical id	: 0
siblings	: 4
core id		: 1
cpu cores	: 4
apicid		: 2
initial apicid	: 2
fpu		: yes
fpu_exception	: yes
cpuid level	: 13
wp		: yes
flags		: fpu vme de pse tsc msr pae mce cx8 apic sep mtrr pge mca cmov pat pse36 clflush dts acpi mmx fxsr sse sse2 ss ht tm pbe syscall nx pdpe1gb rdtscp lm constant_tsc arch_perfmon pebs bts rep_good nopl xtopology nonstop_tsc aperfmperf eagerfpu pni pclmulqdq dtes64 monitor ds_cpl vmx smx est tm2 ssse3 fma cx16 xtpr pdcm pcid sse4_1 sse4_2 x2apic movbe popcnt tsc_deadline_timer aes xsave avx f16c rdrand lahf_lm abm ida arat epb pln pts dtherm tpr_shadow vnmi flexpriority ept vpid fsgsbase tsc_adjust bmi1 avx2 smep bmi2 erms invpcid xsaveopt
bugs		:
bogomips	: 6585.10
clflush size	: 64
cache_alignment	: 64
address sizes	: 39 bits physical, 48 bits virtual
power management:

processor	: 2
vendor_id	: GenuineIntel
cpu family	: 6
model		: 60
model name	: Intel(R) Core(TM) i5-4590 CPU @ 3.30GHz
stepping	: 3
microcode	: 0x1c
cpu MHz		: 3545.437
cache size	: 6144 KB
physical id	: 0
siblings	: 4
core id		: 2
cpu cores	: 4
apicid		: 4
initial apicid	: 4
fpu		: yes
fpu_exception	: yes
cpuid level	: 13
wp		: yes
flags		: fpu vme de pse tsc msr pae mce cx8 apic sep mtrr pge mca cmov pat pse36 clflush dts acpi mmx fxsr sse sse2 ss ht tm pbe syscall nx pdpe1gb rdtscp lm constant_tsc arch_perfmon pebs bts rep_good nopl xtopology nonstop_tsc aperfmperf eagerfpu pni pclmulqdq dtes64 monitor ds_cpl vmx smx est tm2 ssse3 fma cx16 xtpr pdcm pcid sse4_1 sse4_2 x2apic movbe popcnt tsc_deadline_timer aes xsave avx f16c rdrand lahf_lm abm ida arat epb pln pts dtherm tpr_shadow vnmi flexpriority ept vpid fsgsbase tsc_adjust bmi1 avx2 smep bmi2 erms invpcid xsaveopt
bugs		:
bogomips	: 6585.10
clflush size	: 64
cache_alignment	: 64
address sizes	: 39 bits physical, 48 bits virtual
power management:

processor	: 3
vendor_id	: GenuineIntel
cpu family	: 6
model		: 60
model name	: Intel(R) Core(TM) i5-4590 CPU @ 3.30GHz
stepping	: 3
microcode	: 0x1c
cpu MHz		: 3581.660
cache size	: 6144 KB
physical id	: 0
siblings	: 4
core id		: 3
cpu cores	: 4
apicid		: 6
initial apicid	: 6
fpu		: yes
fpu_exception	: yes
cpuid level	: 13
wp		: yes
flags		: fpu vme de pse tsc msr pae mce cx8 apic sep mtrr pge mca cmov pat pse36 clflush dts acpi mmx fxsr sse sse2 ss ht tm pbe syscall nx pdpe1gb rdtscp lm constant_tsc arch_perfmon pebs bts rep_good nopl xtopology nonstop_tsc aperfmperf eagerfpu pni pclmulqdq dtes64 monitor ds_cpl vmx smx est tm2 ssse3 fma cx16 xtpr pdcm pcid sse4_1 sse4_2 x2apic movbe popcnt tsc_deadline_timer aes xsave avx f16c rdrand lahf_lm abm ida arat epb pln pts dtherm tpr_shadow vnmi flexpriority ept vpid fsgsbase tsc_adjust bmi1 avx2 smep bmi2 erms invpcid xsaveopt
bugs		:
bogomips	: 6585.10
clflush size	: 64
cache_alignment	: 64
address sizes	: 39 bits physical, 48 bits virtual
power management:



Memory: 4k page, physical 3964176k(306180k free), swap 4109308k(3830728k free)

vm_info: Java HotSpot(TM) 64-Bit Server VM (24.72-b04) for linux-amd64 JRE (1.7.0_72-b14), built on Sep 26 2014 18:20:41 by "java_re" with gcc 4.3.0 20080428 (Red Hat 4.3.0-8)

time: Mon May 25 10:25:50 2015
elapsed time: 0 seconds

