#
# A fatal error has been detected by the Java Runtime Environment:
#
#  Internal Error (javaClasses.cpp:136), pid=4825, tid=140611818948352
#  fatal error: Invalid layout of preloaded class
#
# JRE version:  (7.0_72-b14) (build )
# Java VM: Java HotSpot(TM) 64-Bit Server VM (24.72-b04 mixed mode linux-amd64 compressed oops)
# Failed to write core dump. Core dumps have been disabled. To enable core dumping, try "ulimit -c unlimited" before starting Java again
#
# If you would like to submit a bug report, please visit:
#   http://bugreport.sun.com/bugreport/crash.jsp
#

---------------  T H R E A D  ---------------

Current thread (0x00007fe2b400a800):  JavaThread "Unknown thread" [_thread_in_vm, id=4830, stack(0x00007fe2bd750000,0x00007fe2bd851000)]

Stack: [0x00007fe2bd750000,0x00007fe2bd851000],  sp=0x00007fe2bd84f7f0,  free space=1021k
Native frames: (J=compiled Java code, j=interpreted, Vv=VM code, C=native code)
V  [libjvm.so+0x9a10fa]  VMError::report_and_die()+0x2ea
V  [libjvm.so+0x497919]  report_fatal(char const*, int, char const*)+0x59
V  [libjvm.so+0x6066c5]  compute_offset(int&, klassOopDesc*, Symbol*, Symbol*, bool)+0x135
V  [libjvm.so+0x607769]  java_lang_String::compute_offsets()+0x49
V  [libjvm.so+0x927185]  SystemDictionary::initialize_preloaded_classes(Thread*)+0x235
V  [libjvm.so+0x974af4]  Universe::genesis(Thread*)+0x494
V  [libjvm.so+0x974fa9]  universe2_init()+0x29
V  [libjvm.so+0x5b0fdd]  init_globals()+0xbd
V  [libjvm.so+0x95bbdd]  Threads::create_vm(JavaVMInitArgs*, bool*)+0x1ed
V  [libjvm.so+0x639234]  JNI_CreateJavaVM+0x74
C  [libjli.so+0x2f8e]  JavaMain+0x9e


---------------  P R O C E S S  ---------------

Java Threads: ( => current thread )

Other Threads:

=>0x00007fe2b400a800 (exited) JavaThread "Unknown thread" [_thread_in_vm, id=4830, stack(0x00007fe2bd750000,0x00007fe2bd851000)]

VM state:not at safepoint (not fully initialized)

VM Mutex/Monitor currently owned by a thread: None

GC Heap History (0 events):
No events

Deoptimization events (0 events):
No events

Internal exceptions (0 events):
No events

Events (10 events):
Event: 0.007 loading class 0x00007fe2b9e426f0 done
Event: 0.008 loading class 0x00007fe2b9e42110 done
Event: 0.008 loading class 0x00007fe2b9e420f0
Event: 0.008 loading class 0x00007fe2b9e4a240
Event: 0.008 loading class 0x00007fe2b9e4a240 done
Event: 0.008 loading class 0x00007fe2b9e4a270
Event: 0.008 loading class 0x00007fe2b9e4a270 done
Event: 0.008 loading class 0x00007fe2b9e4a2a0
Event: 0.008 loading class 0x00007fe2b9e4a2a0 done
Event: 0.008 loading class 0x00007fe2b9e420f0 done


Dynamic libraries:
00400000-00401000 r-xp 00000000 08:01 5510380                            /home/renatooliveira/RECURSOS/java7/bin/java
00600000-00601000 rw-p 00000000 08:01 5510380                            /home/renatooliveira/RECURSOS/java7/bin/java
02384000-023a5000 rw-p 00000000 00:00 0                                  [heap]
be600000-bfb00000 rw-p 00000000 00:00 0 
bfb00000-c3800000 rw-p 00000000 00:00 0 
c3800000-c6000000 rw-p 00000000 00:00 0 
c6000000-ebd00000 rw-p 00000000 00:00 0 
ebd00000-ed180000 rw-p 00000000 00:00 0 
ed180000-100000000 rw-p 00000000 00:00 0 
7fe29c000000-7fe29c021000 rw-p 00000000 00:00 0 
7fe29c021000-7fe2a0000000 ---p 00000000 00:00 0 
7fe2a0000000-7fe2a0021000 rw-p 00000000 00:00 0 
7fe2a0021000-7fe2a4000000 ---p 00000000 00:00 0 
7fe2a4000000-7fe2a4021000 rw-p 00000000 00:00 0 
7fe2a4021000-7fe2a8000000 ---p 00000000 00:00 0 
7fe2a9f30000-7fe2ac000000 rw-p 00000000 00:00 0 
7fe2ac000000-7fe2ac021000 rw-p 00000000 00:00 0 
7fe2ac021000-7fe2b0000000 ---p 00000000 00:00 0 
7fe2b1000000-7fe2b1270000 rwxp 00000000 00:00 0 
7fe2b1270000-7fe2b40a4000 rw-p 00000000 00:00 0 
7fe2b40a4000-7fe2b8000000 ---p 00000000 00:00 0 
7fe2b9aae000-7fe2b9cf5000 rw-p 00000000 00:00 0 
7fe2b9cf5000-7fe2b9dcc000 r--s 013fe000 08:01 9053119                    /home/renatooliveira/android-sdks/platforms/android-19/android.jar
7fe2b9dcc000-7fe2ba0aa000 rw-p 00000000 00:00 0 
7fe2ba0aa000-7fe2ba0ab000 ---p 00000000 00:00 0 
7fe2ba0ab000-7fe2ba1ab000 rw-p 00000000 00:00 0                          [stack:4834]
7fe2ba1ab000-7fe2ba1ac000 ---p 00000000 00:00 0 
7fe2ba1ac000-7fe2ba2ac000 rw-p 00000000 00:00 0                          [stack:4833]
7fe2ba2ac000-7fe2ba2ad000 ---p 00000000 00:00 0 
7fe2ba2ad000-7fe2ba3ad000 rw-p 00000000 00:00 0                          [stack:4832]
7fe2ba3ad000-7fe2ba3ae000 ---p 00000000 00:00 0 
7fe2ba3ae000-7fe2ba4b9000 rw-p 00000000 00:00 0                          [stack:4831]
7fe2ba4b9000-7fe2ba4d7000 rw-p 00000000 00:00 0 
7fe2ba4d7000-7fe2ba4eb000 rw-p 00000000 00:00 0 
7fe2ba4eb000-7fe2ba61a000 rw-p 00000000 00:00 0 
7fe2ba61a000-7fe2ba625000 rw-p 00000000 00:00 0 
7fe2ba625000-7fe2ba643000 rw-p 00000000 00:00 0 
7fe2ba643000-7fe2ba657000 rw-p 00000000 00:00 0 
7fe2ba657000-7fe2ba785000 rw-p 00000000 00:00 0 
7fe2ba785000-7fe2ba790000 rw-p 00000000 00:00 0 
7fe2ba790000-7fe2ba827000 rw-p 00000000 00:00 0 
7fe2ba827000-7fe2ba828000 rw-p 00000000 00:00 0 
7fe2ba828000-7fe2ba842000 r-xp 00000000 08:01 5511084                    /home/renatooliveira/RECURSOS/java7/jre/lib/amd64/libzip.so
7fe2ba842000-7fe2baa42000 ---p 0001a000 08:01 5511084                    /home/renatooliveira/RECURSOS/java7/jre/lib/amd64/libzip.so
7fe2baa42000-7fe2baa43000 rw-p 0001a000 08:01 5511084                    /home/renatooliveira/RECURSOS/java7/jre/lib/amd64/libzip.so
7fe2baa43000-7fe2baa4f000 r-xp 00000000 08:01 14553407                   /lib/x86_64-linux-gnu/libnss_files-2.21.so
7fe2baa4f000-7fe2bac4e000 ---p 0000c000 08:01 14553407                   /lib/x86_64-linux-gnu/libnss_files-2.21.so
7fe2bac4e000-7fe2bac4f000 r--p 0000b000 08:01 14553407                   /lib/x86_64-linux-gnu/libnss_files-2.21.so
7fe2bac4f000-7fe2bac50000 rw-p 0000c000 08:01 14553407                   /lib/x86_64-linux-gnu/libnss_files-2.21.so
7fe2bac50000-7fe2bac5b000 r-xp 00000000 08:01 14549072                   /lib/x86_64-linux-gnu/libnss_nis-2.21.so
7fe2bac5b000-7fe2bae5a000 ---p 0000b000 08:01 14549072                   /lib/x86_64-linux-gnu/libnss_nis-2.21.so
7fe2bae5a000-7fe2bae5b000 r--p 0000a000 08:01 14549072                   /lib/x86_64-linux-gnu/libnss_nis-2.21.so
7fe2bae5b000-7fe2bae5c000 rw-p 0000b000 08:01 14549072                   /lib/x86_64-linux-gnu/libnss_nis-2.21.so
7fe2bae5c000-7fe2bae73000 r-xp 00000000 08:01 14553419                   /lib/x86_64-linux-gnu/libnsl-2.21.so
7fe2bae73000-7fe2bb072000 ---p 00017000 08:01 14553419                   /lib/x86_64-linux-gnu/libnsl-2.21.so
7fe2bb072000-7fe2bb073000 r--p 00016000 08:01 14553419                   /lib/x86_64-linux-gnu/libnsl-2.21.so
7fe2bb073000-7fe2bb074000 rw-p 00017000 08:01 14553419                   /lib/x86_64-linux-gnu/libnsl-2.21.so
7fe2bb074000-7fe2bb076000 rw-p 00000000 00:00 0 
7fe2bb076000-7fe2bb07e000 r-xp 00000000 08:01 14553411                   /lib/x86_64-linux-gnu/libnss_compat-2.21.so
7fe2bb07e000-7fe2bb27d000 ---p 00008000 08:01 14553411                   /lib/x86_64-linux-gnu/libnss_compat-2.21.so
7fe2bb27d000-7fe2bb27e000 r--p 00007000 08:01 14553411                   /lib/x86_64-linux-gnu/libnss_compat-2.21.so
7fe2bb27e000-7fe2bb27f000 rw-p 00008000 08:01 14553411                   /lib/x86_64-linux-gnu/libnss_compat-2.21.so
7fe2bb27f000-7fe2bb289000 r-xp 00000000 08:01 5511082                    /home/renatooliveira/RECURSOS/java7/jre/lib/amd64/libinstrument.so
7fe2bb289000-7fe2bb488000 ---p 0000a000 08:01 5511082                    /home/renatooliveira/RECURSOS/java7/jre/lib/amd64/libinstrument.so
7fe2bb488000-7fe2bb489000 rw-p 00009000 08:01 5511082                    /home/renatooliveira/RECURSOS/java7/jre/lib/amd64/libinstrument.so
7fe2bb489000-7fe2bb4b2000 r-xp 00000000 08:01 5511067                    /home/renatooliveira/RECURSOS/java7/jre/lib/amd64/libjava.so
7fe2bb4b2000-7fe2bb6b2000 ---p 00029000 08:01 5511067                    /home/renatooliveira/RECURSOS/java7/jre/lib/amd64/libjava.so
7fe2bb6b2000-7fe2bb6b4000 rw-p 00029000 08:01 5511067                    /home/renatooliveira/RECURSOS/java7/jre/lib/amd64/libjava.so
7fe2bb6b4000-7fe2bb6c1000 r-xp 00000000 08:01 5511029                    /home/renatooliveira/RECURSOS/java7/jre/lib/amd64/libverify.so
7fe2bb6c1000-7fe2bb8c0000 ---p 0000d000 08:01 5511029                    /home/renatooliveira/RECURSOS/java7/jre/lib/amd64/libverify.so
7fe2bb8c0000-7fe2bb8c2000 rw-p 0000c000 08:01 5511029                    /home/renatooliveira/RECURSOS/java7/jre/lib/amd64/libverify.so
7fe2bb8c2000-7fe2bb8c9000 r-xp 00000000 08:01 14553421                   /lib/x86_64-linux-gnu/librt-2.21.so
7fe2bb8c9000-7fe2bbac8000 ---p 00007000 08:01 14553421                   /lib/x86_64-linux-gnu/librt-2.21.so
7fe2bbac8000-7fe2bbac9000 r--p 00006000 08:01 14553421                   /lib/x86_64-linux-gnu/librt-2.21.so
7fe2bbac9000-7fe2bbaca000 rw-p 00007000 08:01 14553421                   /lib/x86_64-linux-gnu/librt-2.21.so
7fe2bbaca000-7fe2bbbd1000 r-xp 00000000 08:01 14553417                   /lib/x86_64-linux-gnu/libm-2.21.so
7fe2bbbd1000-7fe2bbdd0000 ---p 00107000 08:01 14553417                   /lib/x86_64-linux-gnu/libm-2.21.so
7fe2bbdd0000-7fe2bbdd1000 r--p 00106000 08:01 14553417                   /lib/x86_64-linux-gnu/libm-2.21.so
7fe2bbdd1000-7fe2bbdd2000 rw-p 00107000 08:01 14553417                   /lib/x86_64-linux-gnu/libm-2.21.so
7fe2bbdd2000-7fe2bc945000 r-xp 00000000 08:01 5511043                    /home/renatooliveira/RECURSOS/java7/jre/lib/amd64/server/libjvm.so
7fe2bc945000-7fe2bcb44000 ---p 00b73000 08:01 5511043                    /home/renatooliveira/RECURSOS/java7/jre/lib/amd64/server/libjvm.so
7fe2bcb44000-7fe2bcc08000 rw-p 00b72000 08:01 5511043                    /home/renatooliveira/RECURSOS/java7/jre/lib/amd64/server/libjvm.so
7fe2bcc08000-7fe2bcc49000 rw-p 00000000 00:00 0 
7fe2bcc49000-7fe2bce09000 r-xp 00000000 08:01 14553425                   /lib/x86_64-linux-gnu/libc-2.21.so
7fe2bce09000-7fe2bd009000 ---p 001c0000 08:01 14553425                   /lib/x86_64-linux-gnu/libc-2.21.so
7fe2bd009000-7fe2bd00d000 r--p 001c0000 08:01 14553425                   /lib/x86_64-linux-gnu/libc-2.21.so
7fe2bd00d000-7fe2bd00f000 rw-p 001c4000 08:01 14553425                   /lib/x86_64-linux-gnu/libc-2.21.so
7fe2bd00f000-7fe2bd013000 rw-p 00000000 00:00 0 
7fe2bd013000-7fe2bd016000 r-xp 00000000 08:01 14553148                   /lib/x86_64-linux-gnu/libdl-2.21.so
7fe2bd016000-7fe2bd215000 ---p 00003000 08:01 14553148                   /lib/x86_64-linux-gnu/libdl-2.21.so
7fe2bd215000-7fe2bd216000 r--p 00002000 08:01 14553148                   /lib/x86_64-linux-gnu/libdl-2.21.so
7fe2bd216000-7fe2bd217000 rw-p 00003000 08:01 14553148                   /lib/x86_64-linux-gnu/libdl-2.21.so
7fe2bd217000-7fe2bd22d000 r-xp 00000000 08:01 5509217                    /home/renatooliveira/RECURSOS/java7/lib/amd64/jli/libjli.so
7fe2bd22d000-7fe2bd42d000 ---p 00016000 08:01 5509217                    /home/renatooliveira/RECURSOS/java7/lib/amd64/jli/libjli.so
7fe2bd42d000-7fe2bd42e000 rw-p 00016000 08:01 5509217                    /home/renatooliveira/RECURSOS/java7/lib/amd64/jli/libjli.so
7fe2bd42e000-7fe2bd446000 r-xp 00000000 08:01 14553401                   /lib/x86_64-linux-gnu/libpthread-2.21.so
7fe2bd446000-7fe2bd646000 ---p 00018000 08:01 14553401                   /lib/x86_64-linux-gnu/libpthread-2.21.so
7fe2bd646000-7fe2bd647000 r--p 00018000 08:01 14553401                   /lib/x86_64-linux-gnu/libpthread-2.21.so
7fe2bd647000-7fe2bd648000 rw-p 00019000 08:01 14553401                   /lib/x86_64-linux-gnu/libpthread-2.21.so
7fe2bd648000-7fe2bd64c000 rw-p 00000000 00:00 0 
7fe2bd64c000-7fe2bd670000 r-xp 00000000 08:01 14553200                   /lib/x86_64-linux-gnu/ld-2.21.so
7fe2bd67b000-7fe2bd69a000 rw-p 00000000 00:00 0 
7fe2bd69a000-7fe2bd750000 rw-p 00000000 00:00 0 
7fe2bd750000-7fe2bd753000 ---p 00000000 00:00 0 
7fe2bd753000-7fe2bd855000 rw-p 00000000 00:00 0                          [stack:4830]
7fe2bd861000-7fe2bd863000 rw-p 00000000 00:00 0 
7fe2bd863000-7fe2bd86b000 rw-s 00000000 08:01 8389087                    /tmp/hsperfdata_renatooliveira/4825
7fe2bd86b000-7fe2bd86c000 rw-p 00000000 00:00 0 
7fe2bd86c000-7fe2bd86d000 r--p 00000000 00:00 0 
7fe2bd86d000-7fe2bd86f000 rw-p 00000000 00:00 0 
7fe2bd86f000-7fe2bd870000 r--p 00023000 08:01 14553200                   /lib/x86_64-linux-gnu/ld-2.21.so
7fe2bd870000-7fe2bd871000 rw-p 00024000 08:01 14553200                   /lib/x86_64-linux-gnu/ld-2.21.so
7fe2bd871000-7fe2bd872000 rw-p 00000000 00:00 0 
7fff44da9000-7fff44dcb000 rw-p 00000000 00:00 0                          [stack]
7fff44dd9000-7fff44ddb000 r--p 00000000 00:00 0                          [vvar]
7fff44ddb000-7fff44ddd000 r-xp 00000000 00:00 0                          [vdso]
ffffffffff600000-ffffffffff601000 r-xp 00000000 00:00 0                  [vsyscall]

VM Arguments:
jvm_args: -javaagent:/usr/share/java/jayatanaag.jar -Dfile.encoding=UTF-8 -Xbootclasspath:/home/renatooliveira/android-sdks/platforms/android-19/android.jar 
java_command: br.com.renato.financeiro.Teste
Launcher Type: SUN_STANDARD

Environment Variables:
JAVA_HOME=/home/renatooliveira/RECURSOS/java7
JAVA_TOOL_OPTIONS=-javaagent:/usr/share/java/jayatanaag.jar 
PATH=/home/renatooliveira/RECURSOS/java7/bin:/usr/local/sbin:/usr/local/bin:/usr/sbin:/usr/bin:/sbin:/bin:/usr/games:/usr/local/games:/home/renatooliveira/.bin
SHELL=/bin/bash
DISPLAY=:0

Signal Handlers:
SIGSEGV: [libjvm.so+0x9a1a10], sa_mask[0]=0x7ffbfeff, sa_flags=0x10000004
SIGBUS: [libjvm.so+0x9a1a10], sa_mask[0]=0x7ffbfeff, sa_flags=0x10000004
SIGFPE: [libjvm.so+0x81bae0], sa_mask[0]=0x7ffbfeff, sa_flags=0x10000004
SIGPIPE: [libjvm.so+0x81bae0], sa_mask[0]=0x7ffbfeff, sa_flags=0x10000004
SIGXFSZ: [libjvm.so+0x81bae0], sa_mask[0]=0x7ffbfeff, sa_flags=0x10000004
SIGILL: [libjvm.so+0x81bae0], sa_mask[0]=0x7ffbfeff, sa_flags=0x10000004
SIGUSR1: SIG_DFL, sa_mask[0]=0x00000000, sa_flags=0x00000000
SIGUSR2: [libjvm.so+0x81d2e0], sa_mask[0]=0x00000004, sa_flags=0x10000004
SIGHUP: SIG_DFL, sa_mask[0]=0x00000000, sa_flags=0x00000000
SIGINT: SIG_DFL, sa_mask[0]=0x00000000, sa_flags=0x00000000
SIGTERM: SIG_DFL, sa_mask[0]=0x00000000, sa_flags=0x00000000
SIGQUIT: SIG_DFL, sa_mask[0]=0x00000000, sa_flags=0x00000000


---------------  S Y S T E M  ---------------

OS:jessie/sid

uname:Linux 3.19.0-18-generic #18-Ubuntu SMP Tue May 19 18:31:35 UTC 2015 x86_64
libc:glibc 2.21 NPTL 2.21 
rlimit: STACK 8192k, CORE 0k, NPROC 15397, NOFILE 65536, AS infinity
load average:0.55 0.49 0.53

/proc/meminfo:
MemTotal:        3964176 kB
MemFree:          316532 kB
MemAvailable:     467688 kB
Buffers:           28644 kB
Cached:           539188 kB
SwapCached:        14508 kB
Active:          2610920 kB
Inactive:         861740 kB
Active(anon):    2442272 kB
Inactive(anon):   735112 kB
Active(file):     168648 kB
Inactive(file):   126628 kB
Unevictable:          48 kB
Mlocked:              48 kB
SwapTotal:       4109308 kB
SwapFree:        3830708 kB
Dirty:               152 kB
Writeback:             0 kB
AnonPages:       2891804 kB
Mapped:           300200 kB
Shmem:            272632 kB
Slab:              82844 kB
SReclaimable:      49628 kB
SUnreclaim:        33216 kB
KernelStack:       10144 kB
PageTables:        45508 kB
NFS_Unstable:          0 kB
Bounce:                0 kB
WritebackTmp:          0 kB
CommitLimit:     6091396 kB
Committed_AS:   10301612 kB
VmallocTotal:   34359738367 kB
VmallocUsed:      347624 kB
VmallocChunk:   34359317048 kB
HardwareCorrupted:     0 kB
AnonHugePages:   1349632 kB
CmaTotal:              0 kB
CmaFree:               0 kB
HugePages_Total:       0
HugePages_Free:        0
HugePages_Rsvd:        0
HugePages_Surp:        0
Hugepagesize:       2048 kB
DirectMap4k:      136208 kB
DirectMap2M:     3975168 kB
DirectMap1G:           0 kB


CPU:total 4 (4 cores per cpu, 1 threads per core) family 6 model 60 stepping 3, cmov, cx8, fxsr, mmx, sse, sse2, sse3, ssse3, sse4.1, sse4.2, popcnt, avx, avx2, aes, erms, tsc, tscinvbit

/proc/cpuinfo:
processor	: 0
vendor_id	: GenuineIntel
cpu family	: 6
model		: 60
model name	: Intel(R) Core(TM) i5-4590 CPU @ 3.30GHz
stepping	: 3
microcode	: 0x1c
cpu MHz		: 3522.621
cache size	: 6144 KB
physical id	: 0
siblings	: 4
core id		: 0
cpu cores	: 4
apicid		: 0
initial apicid	: 0
fpu		: yes
fpu_exception	: yes
cpuid level	: 13
wp		: yes
flags		: fpu vme de pse tsc msr pae mce cx8 apic sep mtrr pge mca cmov pat pse36 clflush dts acpi mmx fxsr sse sse2 ss ht tm pbe syscall nx pdpe1gb rdtscp lm constant_tsc arch_perfmon pebs bts rep_good nopl xtopology nonstop_tsc aperfmperf eagerfpu pni pclmulqdq dtes64 monitor ds_cpl vmx smx est tm2 ssse3 fma cx16 xtpr pdcm pcid sse4_1 sse4_2 x2apic movbe popcnt tsc_deadline_timer aes xsave avx f16c rdrand lahf_lm abm ida arat epb pln pts dtherm tpr_shadow vnmi flexpriority ept vpid fsgsbase tsc_adjust bmi1 avx2 smep bmi2 erms invpcid xsaveopt
bugs		:
bogomips	: 6585.10
clflush size	: 64
cache_alignment	: 64
address sizes	: 39 bits physical, 48 bits virtual
power management:

processor	: 1
vendor_id	: GenuineIntel
cpu family	: 6
model		: 60
model name	: Intel(R) Core(TM) i5-4590 CPU @ 3.30GHz
stepping	: 3
microcode	: 0x1c
cpu MHz		: 3488.718
cache size	: 6144 KB
physical id	: 0
siblings	: 4
core id		: 1
cpu cores	: 4
apicid		: 2
initial apicid	: 2
fpu		: yes
fpu_exception	: yes
cpuid level	: 13
wp		: yes
flags		: fpu vme de pse tsc msr pae mce cx8 apic sep mtrr pge mca cmov pat pse36 clflush dts acpi mmx fxsr sse sse2 ss ht tm pbe syscall nx pdpe1gb rdtscp lm constant_tsc arch_perfmon pebs bts rep_good nopl xtopology nonstop_tsc aperfmperf eagerfpu pni pclmulqdq dtes64 monitor ds_cpl vmx smx est tm2 ssse3 fma cx16 xtpr pdcm pcid sse4_1 sse4_2 x2apic movbe popcnt tsc_deadline_timer aes xsave avx f16c rdrand lahf_lm abm ida arat epb pln pts dtherm tpr_shadow vnmi flexpriority ept vpid fsgsbase tsc_adjust bmi1 avx2 smep bmi2 erms invpcid xsaveopt
bugs		:
bogomips	: 6585.10
clflush size	: 64
cache_alignment	: 64
address sizes	: 39 bits physical, 48 bits virtual
power management:

processor	: 2
vendor_id	: GenuineIntel
cpu family	: 6
model		: 60
model name	: Intel(R) Core(TM) i5-4590 CPU @ 3.30GHz
stepping	: 3
microcode	: 0x1c
cpu MHz		: 3524.554
cache size	: 6144 KB
physical id	: 0
siblings	: 4
core id		: 2
cpu cores	: 4
apicid		: 4
initial apicid	: 4
fpu		: yes
fpu_exception	: yes
cpuid level	: 13
wp		: yes
flags		: fpu vme de pse tsc msr pae mce cx8 apic sep mtrr pge mca cmov pat pse36 clflush dts acpi mmx fxsr sse sse2 ss ht tm pbe syscall nx pdpe1gb rdtscp lm constant_tsc arch_perfmon pebs bts rep_good nopl xtopology nonstop_tsc aperfmperf eagerfpu pni pclmulqdq dtes64 monitor ds_cpl vmx smx est tm2 ssse3 fma cx16 xtpr pdcm pcid sse4_1 sse4_2 x2apic movbe popcnt tsc_deadline_timer aes xsave avx f16c rdrand lahf_lm abm ida arat epb pln pts dtherm tpr_shadow vnmi flexpriority ept vpid fsgsbase tsc_adjust bmi1 avx2 smep bmi2 erms invpcid xsaveopt
bugs		:
bogomips	: 6585.10
clflush size	: 64
cache_alignment	: 64
address sizes	: 39 bits physical, 48 bits virtual
power management:

processor	: 3
vendor_id	: GenuineIntel
cpu family	: 6
model		: 60
model name	: Intel(R) Core(TM) i5-4590 CPU @ 3.30GHz
stepping	: 3
microcode	: 0x1c
cpu MHz		: 3510.117
cache size	: 6144 KB
physical id	: 0
siblings	: 4
core id		: 3
cpu cores	: 4
apicid		: 6
initial apicid	: 6
fpu		: yes
fpu_exception	: yes
cpuid level	: 13
wp		: yes
flags		: fpu vme de pse tsc msr pae mce cx8 apic sep mtrr pge mca cmov pat pse36 clflush dts acpi mmx fxsr sse sse2 ss ht tm pbe syscall nx pdpe1gb rdtscp lm constant_tsc arch_perfmon pebs bts rep_good nopl xtopology nonstop_tsc aperfmperf eagerfpu pni pclmulqdq dtes64 monitor ds_cpl vmx smx est tm2 ssse3 fma cx16 xtpr pdcm pcid sse4_1 sse4_2 x2apic movbe popcnt tsc_deadline_timer aes xsave avx f16c rdrand lahf_lm abm ida arat epb pln pts dtherm tpr_shadow vnmi flexpriority ept vpid fsgsbase tsc_adjust bmi1 avx2 smep bmi2 erms invpcid xsaveopt
bugs		:
bogomips	: 6585.10
clflush size	: 64
cache_alignment	: 64
address sizes	: 39 bits physical, 48 bits virtual
power management:



Memory: 4k page, physical 3964176k(316532k free), swap 4109308k(3830708k free)

vm_info: Java HotSpot(TM) 64-Bit Server VM (24.72-b04) for linux-amd64 JRE (1.7.0_72-b14), built on Sep 26 2014 18:20:41 by "java_re" with gcc 4.3.0 20080428 (Red Hat 4.3.0-8)

time: Mon May 25 10:25:32 2015
elapsed time: 0 seconds

