#
# A fatal error has been detected by the Java Runtime Environment:
#
#  Internal Error (javaClasses.cpp:136), pid=4807, tid=140663477827328
#  fatal error: Invalid layout of preloaded class
#
# JRE version:  (7.0_72-b14) (build )
# Java VM: Java HotSpot(TM) 64-Bit Server VM (24.72-b04 mixed mode linux-amd64 compressed oops)
# Failed to write core dump. Core dumps have been disabled. To enable core dumping, try "ulimit -c unlimited" before starting Java again
#
# If you would like to submit a bug report, please visit:
#   http://bugreport.sun.com/bugreport/crash.jsp
#

---------------  T H R E A D  ---------------

Current thread (0x00007feebc00a800):  JavaThread "Unknown thread" [_thread_in_vm, id=4808, stack(0x00007feec490f000,0x00007feec4a10000)]

Stack: [0x00007feec490f000,0x00007feec4a10000],  sp=0x00007feec4a0e7f0,  free space=1021k
Native frames: (J=compiled Java code, j=interpreted, Vv=VM code, C=native code)
V  [libjvm.so+0x9a10fa]  VMError::report_and_die()+0x2ea
V  [libjvm.so+0x497919]  report_fatal(char const*, int, char const*)+0x59
V  [libjvm.so+0x6066c5]  compute_offset(int&, klassOopDesc*, Symbol*, Symbol*, bool)+0x135
V  [libjvm.so+0x607769]  java_lang_String::compute_offsets()+0x49
V  [libjvm.so+0x927185]  SystemDictionary::initialize_preloaded_classes(Thread*)+0x235
V  [libjvm.so+0x974af4]  Universe::genesis(Thread*)+0x494
V  [libjvm.so+0x974fa9]  universe2_init()+0x29
V  [libjvm.so+0x5b0fdd]  init_globals()+0xbd
V  [libjvm.so+0x95bbdd]  Threads::create_vm(JavaVMInitArgs*, bool*)+0x1ed
V  [libjvm.so+0x639234]  JNI_CreateJavaVM+0x74
C  [libjli.so+0x2f8e]  JavaMain+0x9e


---------------  P R O C E S S  ---------------

Java Threads: ( => current thread )

Other Threads:

=>0x00007feebc00a800 (exited) JavaThread "Unknown thread" [_thread_in_vm, id=4808, stack(0x00007feec490f000,0x00007feec4a10000)]

VM state:not at safepoint (not fully initialized)

VM Mutex/Monitor currently owned by a thread: None

GC Heap History (0 events):
No events

Deoptimization events (0 events):
No events

Internal exceptions (0 events):
No events

Events (10 events):
Event: 0.004 loading class 0x00007feec10016f0 done
Event: 0.004 loading class 0x00007feec1001110 done
Event: 0.004 loading class 0x00007feec10010f0
Event: 0.004 loading class 0x00007feec1009240
Event: 0.004 loading class 0x00007feec1009240 done
Event: 0.004 loading class 0x00007feec1009270
Event: 0.004 loading class 0x00007feec1009270 done
Event: 0.004 loading class 0x00007feec10092a0
Event: 0.004 loading class 0x00007feec10092a0 done
Event: 0.004 loading class 0x00007feec10010f0 done


Dynamic libraries:
00400000-00401000 r-xp 00000000 08:01 5510380                            /home/renatooliveira/RECURSOS/java7/bin/java
00600000-00601000 rw-p 00000000 08:01 5510380                            /home/renatooliveira/RECURSOS/java7/bin/java
01196000-011b7000 rw-p 00000000 00:00 0                                  [heap]
be600000-bfb00000 rw-p 00000000 00:00 0 
bfb00000-c3800000 rw-p 00000000 00:00 0 
c3800000-c6000000 rw-p 00000000 00:00 0 
c6000000-ebd00000 rw-p 00000000 00:00 0 
ebd00000-ed180000 rw-p 00000000 00:00 0 
ed180000-100000000 rw-p 00000000 00:00 0 
7fee98000000-7fee98021000 rw-p 00000000 00:00 0 
7fee98021000-7fee9c000000 ---p 00000000 00:00 0 
7feea0000000-7feea0021000 rw-p 00000000 00:00 0 
7feea0021000-7feea4000000 ---p 00000000 00:00 0 
7feea8000000-7feea8021000 rw-p 00000000 00:00 0 
7feea8021000-7feeac000000 ---p 00000000 00:00 0 
7feeaef30000-7feeb1000000 rw-p 00000000 00:00 0 
7feeb4000000-7feeb4021000 rw-p 00000000 00:00 0 
7feeb4021000-7feeb8000000 ---p 00000000 00:00 0 
7feeb9000000-7feeb9270000 rwxp 00000000 00:00 0 
7feeb9270000-7feebc0a4000 rw-p 00000000 00:00 0 
7feebc0a4000-7feec0000000 ---p 00000000 00:00 0 
7feec0c6d000-7feec0eb4000 rw-p 00000000 00:00 0 
7feec0eb4000-7feec0f8b000 r--s 013fe000 08:01 9053119                    /home/renatooliveira/android-sdks/platforms/android-19/android.jar
7feec0f8b000-7feec1269000 rw-p 00000000 00:00 0 
7feec1269000-7feec126a000 ---p 00000000 00:00 0 
7feec126a000-7feec136a000 rw-p 00000000 00:00 0                          [stack:4812]
7feec136a000-7feec136b000 ---p 00000000 00:00 0 
7feec136b000-7feec146b000 rw-p 00000000 00:00 0                          [stack:4811]
7feec146b000-7feec146c000 ---p 00000000 00:00 0 
7feec146c000-7feec156c000 rw-p 00000000 00:00 0                          [stack:4810]
7feec156c000-7feec156d000 ---p 00000000 00:00 0 
7feec156d000-7feec1678000 rw-p 00000000 00:00 0                          [stack:4809]
7feec1678000-7feec1696000 rw-p 00000000 00:00 0 
7feec1696000-7feec16aa000 rw-p 00000000 00:00 0 
7feec16aa000-7feec17d9000 rw-p 00000000 00:00 0 
7feec17d9000-7feec17e4000 rw-p 00000000 00:00 0 
7feec17e4000-7feec1802000 rw-p 00000000 00:00 0 
7feec1802000-7feec1816000 rw-p 00000000 00:00 0 
7feec1816000-7feec1944000 rw-p 00000000 00:00 0 
7feec1944000-7feec194f000 rw-p 00000000 00:00 0 
7feec194f000-7feec19e6000 rw-p 00000000 00:00 0 
7feec19e6000-7feec19e7000 rw-p 00000000 00:00 0 
7feec19e7000-7feec1a01000 r-xp 00000000 08:01 5511084                    /home/renatooliveira/RECURSOS/java7/jre/lib/amd64/libzip.so
7feec1a01000-7feec1c01000 ---p 0001a000 08:01 5511084                    /home/renatooliveira/RECURSOS/java7/jre/lib/amd64/libzip.so
7feec1c01000-7feec1c02000 rw-p 0001a000 08:01 5511084                    /home/renatooliveira/RECURSOS/java7/jre/lib/amd64/libzip.so
7feec1c02000-7feec1c0e000 r-xp 00000000 08:01 14553407                   /lib/x86_64-linux-gnu/libnss_files-2.21.so
7feec1c0e000-7feec1e0d000 ---p 0000c000 08:01 14553407                   /lib/x86_64-linux-gnu/libnss_files-2.21.so
7feec1e0d000-7feec1e0e000 r--p 0000b000 08:01 14553407                   /lib/x86_64-linux-gnu/libnss_files-2.21.so
7feec1e0e000-7feec1e0f000 rw-p 0000c000 08:01 14553407                   /lib/x86_64-linux-gnu/libnss_files-2.21.so
7feec1e0f000-7feec1e1a000 r-xp 00000000 08:01 14549072                   /lib/x86_64-linux-gnu/libnss_nis-2.21.so
7feec1e1a000-7feec2019000 ---p 0000b000 08:01 14549072                   /lib/x86_64-linux-gnu/libnss_nis-2.21.so
7feec2019000-7feec201a000 r--p 0000a000 08:01 14549072                   /lib/x86_64-linux-gnu/libnss_nis-2.21.so
7feec201a000-7feec201b000 rw-p 0000b000 08:01 14549072                   /lib/x86_64-linux-gnu/libnss_nis-2.21.so
7feec201b000-7feec2032000 r-xp 00000000 08:01 14553419                   /lib/x86_64-linux-gnu/libnsl-2.21.so
7feec2032000-7feec2231000 ---p 00017000 08:01 14553419                   /lib/x86_64-linux-gnu/libnsl-2.21.so
7feec2231000-7feec2232000 r--p 00016000 08:01 14553419                   /lib/x86_64-linux-gnu/libnsl-2.21.so
7feec2232000-7feec2233000 rw-p 00017000 08:01 14553419                   /lib/x86_64-linux-gnu/libnsl-2.21.so
7feec2233000-7feec2235000 rw-p 00000000 00:00 0 
7feec2235000-7feec223d000 r-xp 00000000 08:01 14553411                   /lib/x86_64-linux-gnu/libnss_compat-2.21.so
7feec223d000-7feec243c000 ---p 00008000 08:01 14553411                   /lib/x86_64-linux-gnu/libnss_compat-2.21.so
7feec243c000-7feec243d000 r--p 00007000 08:01 14553411                   /lib/x86_64-linux-gnu/libnss_compat-2.21.so
7feec243d000-7feec243e000 rw-p 00008000 08:01 14553411                   /lib/x86_64-linux-gnu/libnss_compat-2.21.so
7feec243e000-7feec2448000 r-xp 00000000 08:01 5511082                    /home/renatooliveira/RECURSOS/java7/jre/lib/amd64/libinstrument.so
7feec2448000-7feec2647000 ---p 0000a000 08:01 5511082                    /home/renatooliveira/RECURSOS/java7/jre/lib/amd64/libinstrument.so
7feec2647000-7feec2648000 rw-p 00009000 08:01 5511082                    /home/renatooliveira/RECURSOS/java7/jre/lib/amd64/libinstrument.so
7feec2648000-7feec2671000 r-xp 00000000 08:01 5511067                    /home/renatooliveira/RECURSOS/java7/jre/lib/amd64/libjava.so
7feec2671000-7feec2871000 ---p 00029000 08:01 5511067                    /home/renatooliveira/RECURSOS/java7/jre/lib/amd64/libjava.so
7feec2871000-7feec2873000 rw-p 00029000 08:01 5511067                    /home/renatooliveira/RECURSOS/java7/jre/lib/amd64/libjava.so
7feec2873000-7feec2880000 r-xp 00000000 08:01 5511029                    /home/renatooliveira/RECURSOS/java7/jre/lib/amd64/libverify.so
7feec2880000-7feec2a7f000 ---p 0000d000 08:01 5511029                    /home/renatooliveira/RECURSOS/java7/jre/lib/amd64/libverify.so
7feec2a7f000-7feec2a81000 rw-p 0000c000 08:01 5511029                    /home/renatooliveira/RECURSOS/java7/jre/lib/amd64/libverify.so
7feec2a81000-7feec2a88000 r-xp 00000000 08:01 14553421                   /lib/x86_64-linux-gnu/librt-2.21.so
7feec2a88000-7feec2c87000 ---p 00007000 08:01 14553421                   /lib/x86_64-linux-gnu/librt-2.21.so
7feec2c87000-7feec2c88000 r--p 00006000 08:01 14553421                   /lib/x86_64-linux-gnu/librt-2.21.so
7feec2c88000-7feec2c89000 rw-p 00007000 08:01 14553421                   /lib/x86_64-linux-gnu/librt-2.21.so
7feec2c89000-7feec2d90000 r-xp 00000000 08:01 14553417                   /lib/x86_64-linux-gnu/libm-2.21.so
7feec2d90000-7feec2f8f000 ---p 00107000 08:01 14553417                   /lib/x86_64-linux-gnu/libm-2.21.so
7feec2f8f000-7feec2f90000 r--p 00106000 08:01 14553417                   /lib/x86_64-linux-gnu/libm-2.21.so
7feec2f90000-7feec2f91000 rw-p 00107000 08:01 14553417                   /lib/x86_64-linux-gnu/libm-2.21.so
7feec2f91000-7feec3b04000 r-xp 00000000 08:01 5511043                    /home/renatooliveira/RECURSOS/java7/jre/lib/amd64/server/libjvm.so
7feec3b04000-7feec3d03000 ---p 00b73000 08:01 5511043                    /home/renatooliveira/RECURSOS/java7/jre/lib/amd64/server/libjvm.so
7feec3d03000-7feec3dc7000 rw-p 00b72000 08:01 5511043                    /home/renatooliveira/RECURSOS/java7/jre/lib/amd64/server/libjvm.so
7feec3dc7000-7feec3e08000 rw-p 00000000 00:00 0 
7feec3e08000-7feec3fc8000 r-xp 00000000 08:01 14553425                   /lib/x86_64-linux-gnu/libc-2.21.so
7feec3fc8000-7feec41c8000 ---p 001c0000 08:01 14553425                   /lib/x86_64-linux-gnu/libc-2.21.so
7feec41c8000-7feec41cc000 r--p 001c0000 08:01 14553425                   /lib/x86_64-linux-gnu/libc-2.21.so
7feec41cc000-7feec41ce000 rw-p 001c4000 08:01 14553425                   /lib/x86_64-linux-gnu/libc-2.21.so
7feec41ce000-7feec41d2000 rw-p 00000000 00:00 0 
7feec41d2000-7feec41d5000 r-xp 00000000 08:01 14553148                   /lib/x86_64-linux-gnu/libdl-2.21.so
7feec41d5000-7feec43d4000 ---p 00003000 08:01 14553148                   /lib/x86_64-linux-gnu/libdl-2.21.so
7feec43d4000-7feec43d5000 r--p 00002000 08:01 14553148                   /lib/x86_64-linux-gnu/libdl-2.21.so
7feec43d5000-7feec43d6000 rw-p 00003000 08:01 14553148                   /lib/x86_64-linux-gnu/libdl-2.21.so
7feec43d6000-7feec43ec000 r-xp 00000000 08:01 5509217                    /home/renatooliveira/RECURSOS/java7/lib/amd64/jli/libjli.so
7feec43ec000-7feec45ec000 ---p 00016000 08:01 5509217                    /home/renatooliveira/RECURSOS/java7/lib/amd64/jli/libjli.so
7feec45ec000-7feec45ed000 rw-p 00016000 08:01 5509217                    /home/renatooliveira/RECURSOS/java7/lib/amd64/jli/libjli.so
7feec45ed000-7feec4605000 r-xp 00000000 08:01 14553401                   /lib/x86_64-linux-gnu/libpthread-2.21.so
7feec4605000-7feec4805000 ---p 00018000 08:01 14553401                   /lib/x86_64-linux-gnu/libpthread-2.21.so
7feec4805000-7feec4806000 r--p 00018000 08:01 14553401                   /lib/x86_64-linux-gnu/libpthread-2.21.so
7feec4806000-7feec4807000 rw-p 00019000 08:01 14553401                   /lib/x86_64-linux-gnu/libpthread-2.21.so
7feec4807000-7feec480b000 rw-p 00000000 00:00 0 
7feec480b000-7feec482f000 r-xp 00000000 08:01 14553200                   /lib/x86_64-linux-gnu/ld-2.21.so
7feec483a000-7feec4859000 rw-p 00000000 00:00 0 
7feec4859000-7feec490f000 rw-p 00000000 00:00 0 
7feec490f000-7feec4912000 ---p 00000000 00:00 0 
7feec4912000-7feec4a14000 rw-p 00000000 00:00 0                          [stack:4808]
7feec4a20000-7feec4a22000 rw-p 00000000 00:00 0 
7feec4a22000-7feec4a2a000 rw-s 00000000 08:01 8389087                    /tmp/hsperfdata_renatooliveira/4807
7feec4a2a000-7feec4a2b000 rw-p 00000000 00:00 0 
7feec4a2b000-7feec4a2c000 r--p 00000000 00:00 0 
7feec4a2c000-7feec4a2e000 rw-p 00000000 00:00 0 
7feec4a2e000-7feec4a2f000 r--p 00023000 08:01 14553200                   /lib/x86_64-linux-gnu/ld-2.21.so
7feec4a2f000-7feec4a30000 rw-p 00024000 08:01 14553200                   /lib/x86_64-linux-gnu/ld-2.21.so
7feec4a30000-7feec4a31000 rw-p 00000000 00:00 0 
7ffce96e4000-7ffce9706000 rw-p 00000000 00:00 0                          [stack]
7ffce97a0000-7ffce97a2000 r--p 00000000 00:00 0                          [vvar]
7ffce97a2000-7ffce97a4000 r-xp 00000000 00:00 0                          [vdso]
ffffffffff600000-ffffffffff601000 r-xp 00000000 00:00 0                  [vsyscall]

VM Arguments:
jvm_args: -javaagent:/usr/share/java/jayatanaag.jar -Dfile.encoding=UTF-8 -Xbootclasspath:/home/renatooliveira/android-sdks/platforms/android-19/android.jar 
java_command: br.com.renato.financeiro.Teste
Launcher Type: SUN_STANDARD

Environment Variables:
JAVA_HOME=/home/renatooliveira/RECURSOS/java7
JAVA_TOOL_OPTIONS=-javaagent:/usr/share/java/jayatanaag.jar 
PATH=/home/renatooliveira/RECURSOS/java7/bin:/usr/local/sbin:/usr/local/bin:/usr/sbin:/usr/bin:/sbin:/bin:/usr/games:/usr/local/games:/home/renatooliveira/.bin
SHELL=/bin/bash
DISPLAY=:0

Signal Handlers:
SIGSEGV: [libjvm.so+0x9a1a10], sa_mask[0]=0x7ffbfeff, sa_flags=0x10000004
SIGBUS: [libjvm.so+0x9a1a10], sa_mask[0]=0x7ffbfeff, sa_flags=0x10000004
SIGFPE: [libjvm.so+0x81bae0], sa_mask[0]=0x7ffbfeff, sa_flags=0x10000004
SIGPIPE: [libjvm.so+0x81bae0], sa_mask[0]=0x7ffbfeff, sa_flags=0x10000004
SIGXFSZ: [libjvm.so+0x81bae0], sa_mask[0]=0x7ffbfeff, sa_flags=0x10000004
SIGILL: [libjvm.so+0x81bae0], sa_mask[0]=0x7ffbfeff, sa_flags=0x10000004
SIGUSR1: SIG_DFL, sa_mask[0]=0x00000000, sa_flags=0x00000000
SIGUSR2: [libjvm.so+0x81d2e0], sa_mask[0]=0x00000004, sa_flags=0x10000004
SIGHUP: SIG_DFL, sa_mask[0]=0x00000000, sa_flags=0x00000000
SIGINT: SIG_DFL, sa_mask[0]=0x00000000, sa_flags=0x00000000
SIGTERM: SIG_DFL, sa_mask[0]=0x00000000, sa_flags=0x00000000
SIGQUIT: SIG_DFL, sa_mask[0]=0x00000000, sa_flags=0x00000000


---------------  S Y S T E M  ---------------

OS:jessie/sid

uname:Linux 3.19.0-18-generic #18-Ubuntu SMP Tue May 19 18:31:35 UTC 2015 x86_64
libc:glibc 2.21 NPTL 2.21 
rlimit: STACK 8192k, CORE 0k, NPROC 15397, NOFILE 65536, AS infinity
load average:0.22 0.42 0.50

/proc/meminfo:
MemTotal:        3964176 kB
MemFree:          332676 kB
MemAvailable:     471092 kB
Buffers:           26024 kB
Cached:           527872 kB
SwapCached:        14340 kB
Active:          2600104 kB
Inactive:         855584 kB
Active(anon):    2438448 kB
Inactive(anon):   734704 kB
Active(file):     161656 kB
Inactive(file):   120880 kB
Unevictable:          48 kB
Mlocked:              48 kB
SwapTotal:       4109308 kB
SwapFree:        3830504 kB
Dirty:               356 kB
Writeback:             0 kB
AnonPages:       2889180 kB
Mapped:           298168 kB
Shmem:            271184 kB
Slab:              83028 kB
SReclaimable:      49628 kB
SUnreclaim:        33400 kB
KernelStack:       10240 kB
PageTables:        45540 kB
NFS_Unstable:          0 kB
Bounce:                0 kB
WritebackTmp:          0 kB
CommitLimit:     6091396 kB
Committed_AS:   10297300 kB
VmallocTotal:   34359738367 kB
VmallocUsed:      347624 kB
VmallocChunk:   34359317048 kB
HardwareCorrupted:     0 kB
AnonHugePages:   1341440 kB
CmaTotal:              0 kB
CmaFree:               0 kB
HugePages_Total:       0
HugePages_Free:        0
HugePages_Rsvd:        0
HugePages_Surp:        0
Hugepagesize:       2048 kB
DirectMap4k:      136208 kB
DirectMap2M:     3975168 kB
DirectMap1G:           0 kB


CPU:total 4 (4 cores per cpu, 1 threads per core) family 6 model 60 stepping 3, cmov, cx8, fxsr, mmx, sse, sse2, sse3, ssse3, sse4.1, sse4.2, popcnt, avx, avx2, aes, erms, tsc, tscinvbit

/proc/cpuinfo:
processor	: 0
vendor_id	: GenuineIntel
cpu family	: 6
model		: 60
model name	: Intel(R) Core(TM) i5-4590 CPU @ 3.30GHz
stepping	: 3
microcode	: 0x1c
cpu MHz		: 3300.000
cache size	: 6144 KB
physical id	: 0
siblings	: 4
core id		: 0
cpu cores	: 4
apicid		: 0
initial apicid	: 0
fpu		: yes
fpu_exception	: yes
cpuid level	: 13
wp		: yes
flags		: fpu vme de pse tsc msr pae mce cx8 apic sep mtrr pge mca cmov pat pse36 clflush dts acpi mmx fxsr sse sse2 ss ht tm pbe syscall nx pdpe1gb rdtscp lm constant_tsc arch_perfmon pebs bts rep_good nopl xtopology nonstop_tsc aperfmperf eagerfpu pni pclmulqdq dtes64 monitor ds_cpl vmx smx est tm2 ssse3 fma cx16 xtpr pdcm pcid sse4_1 sse4_2 x2apic movbe popcnt tsc_deadline_timer aes xsave avx f16c rdrand lahf_lm abm ida arat epb pln pts dtherm tpr_shadow vnmi flexpriority ept vpid fsgsbase tsc_adjust bmi1 avx2 smep bmi2 erms invpcid xsaveopt
bugs		:
bogomips	: 6585.10
clflush size	: 64
cache_alignment	: 64
address sizes	: 39 bits physical, 48 bits virtual
power management:

processor	: 1
vendor_id	: GenuineIntel
cpu family	: 6
model		: 60
model name	: Intel(R) Core(TM) i5-4590 CPU @ 3.30GHz
stepping	: 3
microcode	: 0x1c
cpu MHz		: 3300.644
cache size	: 6144 KB
physical id	: 0
siblings	: 4
core id		: 1
cpu cores	: 4
apicid		: 2
initial apicid	: 2
fpu		: yes
fpu_exception	: yes
cpuid level	: 13
wp		: yes
flags		: fpu vme de pse tsc msr pae mce cx8 apic sep mtrr pge mca cmov pat pse36 clflush dts acpi mmx fxsr sse sse2 ss ht tm pbe syscall nx pdpe1gb rdtscp lm constant_tsc arch_perfmon pebs bts rep_good nopl xtopology nonstop_tsc aperfmperf eagerfpu pni pclmulqdq dtes64 monitor ds_cpl vmx smx est tm2 ssse3 fma cx16 xtpr pdcm pcid sse4_1 sse4_2 x2apic movbe popcnt tsc_deadline_timer aes xsave avx f16c rdrand lahf_lm abm ida arat epb pln pts dtherm tpr_shadow vnmi flexpriority ept vpid fsgsbase tsc_adjust bmi1 avx2 smep bmi2 erms invpcid xsaveopt
bugs		:
bogomips	: 6585.10
clflush size	: 64
cache_alignment	: 64
address sizes	: 39 bits physical, 48 bits virtual
power management:

processor	: 2
vendor_id	: GenuineIntel
cpu family	: 6
model		: 60
model name	: Intel(R) Core(TM) i5-4590 CPU @ 3.30GHz
stepping	: 3
microcode	: 0x1c
cpu MHz		: 3342.925
cache size	: 6144 KB
physical id	: 0
siblings	: 4
core id		: 2
cpu cores	: 4
apicid		: 4
initial apicid	: 4
fpu		: yes
fpu_exception	: yes
cpuid level	: 13
wp		: yes
flags		: fpu vme de pse tsc msr pae mce cx8 apic sep mtrr pge mca cmov pat pse36 clflush dts acpi mmx fxsr sse sse2 ss ht tm pbe syscall nx pdpe1gb rdtscp lm constant_tsc arch_perfmon pebs bts rep_good nopl xtopology nonstop_tsc aperfmperf eagerfpu pni pclmulqdq dtes64 monitor ds_cpl vmx smx est tm2 ssse3 fma cx16 xtpr pdcm pcid sse4_1 sse4_2 x2apic movbe popcnt tsc_deadline_timer aes xsave avx f16c rdrand lahf_lm abm ida arat epb pln pts dtherm tpr_shadow vnmi flexpriority ept vpid fsgsbase tsc_adjust bmi1 avx2 smep bmi2 erms invpcid xsaveopt
bugs		:
bogomips	: 6585.10
clflush size	: 64
cache_alignment	: 64
address sizes	: 39 bits physical, 48 bits virtual
power management:

processor	: 3
vendor_id	: GenuineIntel
cpu family	: 6
model		: 60
model name	: Intel(R) Core(TM) i5-4590 CPU @ 3.30GHz
stepping	: 3
microcode	: 0x1c
cpu MHz		: 3258.105
cache size	: 6144 KB
physical id	: 0
siblings	: 4
core id		: 3
cpu cores	: 4
apicid		: 6
initial apicid	: 6
fpu		: yes
fpu_exception	: yes
cpuid level	: 13
wp		: yes
flags		: fpu vme de pse tsc msr pae mce cx8 apic sep mtrr pge mca cmov pat pse36 clflush dts acpi mmx fxsr sse sse2 ss ht tm pbe syscall nx pdpe1gb rdtscp lm constant_tsc arch_perfmon pebs bts rep_good nopl xtopology nonstop_tsc aperfmperf eagerfpu pni pclmulqdq dtes64 monitor ds_cpl vmx smx est tm2 ssse3 fma cx16 xtpr pdcm pcid sse4_1 sse4_2 x2apic movbe popcnt tsc_deadline_timer aes xsave avx f16c rdrand lahf_lm abm ida arat epb pln pts dtherm tpr_shadow vnmi flexpriority ept vpid fsgsbase tsc_adjust bmi1 avx2 smep bmi2 erms invpcid xsaveopt
bugs		:
bogomips	: 6585.10
clflush size	: 64
cache_alignment	: 64
address sizes	: 39 bits physical, 48 bits virtual
power management:



Memory: 4k page, physical 3964176k(332676k free), swap 4109308k(3830504k free)

vm_info: Java HotSpot(TM) 64-Bit Server VM (24.72-b04) for linux-amd64 JRE (1.7.0_72-b14), built on Sep 26 2014 18:20:41 by "java_re" with gcc 4.3.0 20080428 (Red Hat 4.3.0-8)

time: Mon May 25 10:25:10 2015
elapsed time: 0 seconds

