#
# A fatal error has been detected by the Java Runtime Environment:
#
#  Internal Error (javaClasses.cpp:136), pid=9557, tid=140662330689280
#  fatal error: Invalid layout of preloaded class
#
# JRE version:  (7.0_72-b14) (build )
# Java VM: Java HotSpot(TM) 64-Bit Server VM (24.72-b04 mixed mode linux-amd64 compressed oops)
# Failed to write core dump. Core dumps have been disabled. To enable core dumping, try "ulimit -c unlimited" before starting Java again
#
# If you would like to submit a bug report, please visit:
#   http://bugreport.sun.com/bugreport/crash.jsp
#

---------------  T H R E A D  ---------------

Current thread (0x00007fee7800a800):  JavaThread "Unknown thread" [_thread_in_vm, id=9563, stack(0x00007fee80310000,0x00007fee80411000)]

Stack: [0x00007fee80310000,0x00007fee80411000],  sp=0x00007fee8040f7f0,  free space=1021k
Native frames: (J=compiled Java code, j=interpreted, Vv=VM code, C=native code)
V  [libjvm.so+0x9a10fa]  VMError::report_and_die()+0x2ea
V  [libjvm.so+0x497919]  report_fatal(char const*, int, char const*)+0x59
V  [libjvm.so+0x6066c5]  compute_offset(int&, klassOopDesc*, Symbol*, Symbol*, bool)+0x135
V  [libjvm.so+0x607769]  java_lang_String::compute_offsets()+0x49
V  [libjvm.so+0x927185]  SystemDictionary::initialize_preloaded_classes(Thread*)+0x235
V  [libjvm.so+0x974af4]  Universe::genesis(Thread*)+0x494
V  [libjvm.so+0x974fa9]  universe2_init()+0x29
V  [libjvm.so+0x5b0fdd]  init_globals()+0xbd
V  [libjvm.so+0x95bbdd]  Threads::create_vm(JavaVMInitArgs*, bool*)+0x1ed
V  [libjvm.so+0x639234]  JNI_CreateJavaVM+0x74
C  [libjli.so+0x2f8e]  JavaMain+0x9e


---------------  P R O C E S S  ---------------

Java Threads: ( => current thread )

Other Threads:

=>0x00007fee7800a800 (exited) JavaThread "Unknown thread" [_thread_in_vm, id=9563, stack(0x00007fee80310000,0x00007fee80411000)]

VM state:not at safepoint (not fully initialized)

VM Mutex/Monitor currently owned by a thread: None

GC Heap History (0 events):
No events

Deoptimization events (0 events):
No events

Internal exceptions (0 events):
No events

Events (10 events):
Event: 0.051 loading class 0x00007fee7ca026f0 done
Event: 0.051 loading class 0x00007fee7ca02110 done
Event: 0.051 loading class 0x00007fee7ca020f0
Event: 0.068 loading class 0x00007fee7ca0a240
Event: 0.076 loading class 0x00007fee7ca0a240 done
Event: 0.076 loading class 0x00007fee7ca0a270
Event: 0.076 loading class 0x00007fee7ca0a270 done
Event: 0.076 loading class 0x00007fee7ca0a2a0
Event: 0.085 loading class 0x00007fee7ca0a2a0 done
Event: 0.085 loading class 0x00007fee7ca020f0 done


Dynamic libraries:
00400000-00401000 r-xp 00000000 08:01 5510380                            /home/renatooliveira/RECURSOS/java7/bin/java
00600000-00601000 rw-p 00000000 08:01 5510380                            /home/renatooliveira/RECURSOS/java7/bin/java
01bdb000-01bfc000 rw-p 00000000 00:00 0                                  [heap]
be600000-bfb00000 rw-p 00000000 00:00 0 
bfb00000-c3800000 rw-p 00000000 00:00 0 
c3800000-c6000000 rw-p 00000000 00:00 0 
c6000000-ebd00000 rw-p 00000000 00:00 0 
ebd00000-ed180000 rw-p 00000000 00:00 0 
ed180000-100000000 rw-p 00000000 00:00 0 
7fee54000000-7fee54021000 rw-p 00000000 00:00 0 
7fee54021000-7fee58000000 ---p 00000000 00:00 0 
7fee5c000000-7fee5c021000 rw-p 00000000 00:00 0 
7fee5c021000-7fee60000000 ---p 00000000 00:00 0 
7fee64000000-7fee64021000 rw-p 00000000 00:00 0 
7fee64021000-7fee68000000 ---p 00000000 00:00 0 
7fee6c000000-7fee6c021000 rw-p 00000000 00:00 0 
7fee6c021000-7fee70000000 ---p 00000000 00:00 0 
7fee72f30000-7fee75000000 rw-p 00000000 00:00 0 
7fee75000000-7fee75270000 rwxp 00000000 00:00 0 
7fee75270000-7fee780a4000 rw-p 00000000 00:00 0 
7fee780a4000-7fee7c000000 ---p 00000000 00:00 0 
7fee7c66e000-7fee7c8b5000 rw-p 00000000 00:00 0 
7fee7c8b5000-7fee7c98c000 r--s 013fe000 08:01 9053119                    /home/renatooliveira/android-sdks/platforms/android-19/android.jar
7fee7c98c000-7fee7cc6a000 rw-p 00000000 00:00 0 
7fee7cc6a000-7fee7cc6b000 ---p 00000000 00:00 0 
7fee7cc6b000-7fee7cd6b000 rw-p 00000000 00:00 0                          [stack:9567]
7fee7cd6b000-7fee7cd6c000 ---p 00000000 00:00 0 
7fee7cd6c000-7fee7ce6c000 rw-p 00000000 00:00 0                          [stack:9566]
7fee7ce6c000-7fee7ce6d000 ---p 00000000 00:00 0 
7fee7ce6d000-7fee7cf6d000 rw-p 00000000 00:00 0                          [stack:9565]
7fee7cf6d000-7fee7cf6e000 ---p 00000000 00:00 0 
7fee7cf6e000-7fee7d079000 rw-p 00000000 00:00 0                          [stack:9564]
7fee7d079000-7fee7d097000 rw-p 00000000 00:00 0 
7fee7d097000-7fee7d0ab000 rw-p 00000000 00:00 0 
7fee7d0ab000-7fee7d1da000 rw-p 00000000 00:00 0 
7fee7d1da000-7fee7d1e5000 rw-p 00000000 00:00 0 
7fee7d1e5000-7fee7d203000 rw-p 00000000 00:00 0 
7fee7d203000-7fee7d217000 rw-p 00000000 00:00 0 
7fee7d217000-7fee7d345000 rw-p 00000000 00:00 0 
7fee7d345000-7fee7d350000 rw-p 00000000 00:00 0 
7fee7d350000-7fee7d3e7000 rw-p 00000000 00:00 0 
7fee7d3e7000-7fee7d3e8000 rw-p 00000000 00:00 0 
7fee7d3e8000-7fee7d402000 r-xp 00000000 08:01 5511084                    /home/renatooliveira/RECURSOS/java7/jre/lib/amd64/libzip.so
7fee7d402000-7fee7d602000 ---p 0001a000 08:01 5511084                    /home/renatooliveira/RECURSOS/java7/jre/lib/amd64/libzip.so
7fee7d602000-7fee7d603000 rw-p 0001a000 08:01 5511084                    /home/renatooliveira/RECURSOS/java7/jre/lib/amd64/libzip.so
7fee7d603000-7fee7d60f000 r-xp 00000000 08:01 14553407                   /lib/x86_64-linux-gnu/libnss_files-2.21.so
7fee7d60f000-7fee7d80e000 ---p 0000c000 08:01 14553407                   /lib/x86_64-linux-gnu/libnss_files-2.21.so
7fee7d80e000-7fee7d80f000 r--p 0000b000 08:01 14553407                   /lib/x86_64-linux-gnu/libnss_files-2.21.so
7fee7d80f000-7fee7d810000 rw-p 0000c000 08:01 14553407                   /lib/x86_64-linux-gnu/libnss_files-2.21.so
7fee7d810000-7fee7d81b000 r-xp 00000000 08:01 14549072                   /lib/x86_64-linux-gnu/libnss_nis-2.21.so
7fee7d81b000-7fee7da1a000 ---p 0000b000 08:01 14549072                   /lib/x86_64-linux-gnu/libnss_nis-2.21.so
7fee7da1a000-7fee7da1b000 r--p 0000a000 08:01 14549072                   /lib/x86_64-linux-gnu/libnss_nis-2.21.so
7fee7da1b000-7fee7da1c000 rw-p 0000b000 08:01 14549072                   /lib/x86_64-linux-gnu/libnss_nis-2.21.so
7fee7da1c000-7fee7da33000 r-xp 00000000 08:01 14553419                   /lib/x86_64-linux-gnu/libnsl-2.21.so
7fee7da33000-7fee7dc32000 ---p 00017000 08:01 14553419                   /lib/x86_64-linux-gnu/libnsl-2.21.so
7fee7dc32000-7fee7dc33000 r--p 00016000 08:01 14553419                   /lib/x86_64-linux-gnu/libnsl-2.21.so
7fee7dc33000-7fee7dc34000 rw-p 00017000 08:01 14553419                   /lib/x86_64-linux-gnu/libnsl-2.21.so
7fee7dc34000-7fee7dc36000 rw-p 00000000 00:00 0 
7fee7dc36000-7fee7dc3e000 r-xp 00000000 08:01 14553411                   /lib/x86_64-linux-gnu/libnss_compat-2.21.so
7fee7dc3e000-7fee7de3d000 ---p 00008000 08:01 14553411                   /lib/x86_64-linux-gnu/libnss_compat-2.21.so
7fee7de3d000-7fee7de3e000 r--p 00007000 08:01 14553411                   /lib/x86_64-linux-gnu/libnss_compat-2.21.so
7fee7de3e000-7fee7de3f000 rw-p 00008000 08:01 14553411                   /lib/x86_64-linux-gnu/libnss_compat-2.21.so
7fee7de3f000-7fee7de49000 r-xp 00000000 08:01 5511082                    /home/renatooliveira/RECURSOS/java7/jre/lib/amd64/libinstrument.so
7fee7de49000-7fee7e048000 ---p 0000a000 08:01 5511082                    /home/renatooliveira/RECURSOS/java7/jre/lib/amd64/libinstrument.so
7fee7e048000-7fee7e049000 rw-p 00009000 08:01 5511082                    /home/renatooliveira/RECURSOS/java7/jre/lib/amd64/libinstrument.so
7fee7e049000-7fee7e072000 r-xp 00000000 08:01 5511067                    /home/renatooliveira/RECURSOS/java7/jre/lib/amd64/libjava.so
7fee7e072000-7fee7e272000 ---p 00029000 08:01 5511067                    /home/renatooliveira/RECURSOS/java7/jre/lib/amd64/libjava.so
7fee7e272000-7fee7e274000 rw-p 00029000 08:01 5511067                    /home/renatooliveira/RECURSOS/java7/jre/lib/amd64/libjava.so
7fee7e274000-7fee7e281000 r-xp 00000000 08:01 5511029                    /home/renatooliveira/RECURSOS/java7/jre/lib/amd64/libverify.so
7fee7e281000-7fee7e480000 ---p 0000d000 08:01 5511029                    /home/renatooliveira/RECURSOS/java7/jre/lib/amd64/libverify.so
7fee7e480000-7fee7e482000 rw-p 0000c000 08:01 5511029                    /home/renatooliveira/RECURSOS/java7/jre/lib/amd64/libverify.so
7fee7e482000-7fee7e489000 r-xp 00000000 08:01 14553421                   /lib/x86_64-linux-gnu/librt-2.21.so
7fee7e489000-7fee7e688000 ---p 00007000 08:01 14553421                   /lib/x86_64-linux-gnu/librt-2.21.so
7fee7e688000-7fee7e689000 r--p 00006000 08:01 14553421                   /lib/x86_64-linux-gnu/librt-2.21.so
7fee7e689000-7fee7e68a000 rw-p 00007000 08:01 14553421                   /lib/x86_64-linux-gnu/librt-2.21.so
7fee7e68a000-7fee7e791000 r-xp 00000000 08:01 14553417                   /lib/x86_64-linux-gnu/libm-2.21.so
7fee7e791000-7fee7e990000 ---p 00107000 08:01 14553417                   /lib/x86_64-linux-gnu/libm-2.21.so
7fee7e990000-7fee7e991000 r--p 00106000 08:01 14553417                   /lib/x86_64-linux-gnu/libm-2.21.so
7fee7e991000-7fee7e992000 rw-p 00107000 08:01 14553417                   /lib/x86_64-linux-gnu/libm-2.21.so
7fee7e992000-7fee7f505000 r-xp 00000000 08:01 5511043                    /home/renatooliveira/RECURSOS/java7/jre/lib/amd64/server/libjvm.so
7fee7f505000-7fee7f704000 ---p 00b73000 08:01 5511043                    /home/renatooliveira/RECURSOS/java7/jre/lib/amd64/server/libjvm.so
7fee7f704000-7fee7f7c8000 rw-p 00b72000 08:01 5511043                    /home/renatooliveira/RECURSOS/java7/jre/lib/amd64/server/libjvm.so
7fee7f7c8000-7fee7f809000 rw-p 00000000 00:00 0 
7fee7f809000-7fee7f9c9000 r-xp 00000000 08:01 14553425                   /lib/x86_64-linux-gnu/libc-2.21.so
7fee7f9c9000-7fee7fbc9000 ---p 001c0000 08:01 14553425                   /lib/x86_64-linux-gnu/libc-2.21.so
7fee7fbc9000-7fee7fbcd000 r--p 001c0000 08:01 14553425                   /lib/x86_64-linux-gnu/libc-2.21.so
7fee7fbcd000-7fee7fbcf000 rw-p 001c4000 08:01 14553425                   /lib/x86_64-linux-gnu/libc-2.21.so
7fee7fbcf000-7fee7fbd3000 rw-p 00000000 00:00 0 
7fee7fbd3000-7fee7fbd6000 r-xp 00000000 08:01 14553148                   /lib/x86_64-linux-gnu/libdl-2.21.so
7fee7fbd6000-7fee7fdd5000 ---p 00003000 08:01 14553148                   /lib/x86_64-linux-gnu/libdl-2.21.so
7fee7fdd5000-7fee7fdd6000 r--p 00002000 08:01 14553148                   /lib/x86_64-linux-gnu/libdl-2.21.so
7fee7fdd6000-7fee7fdd7000 rw-p 00003000 08:01 14553148                   /lib/x86_64-linux-gnu/libdl-2.21.so
7fee7fdd7000-7fee7fded000 r-xp 00000000 08:01 5509217                    /home/renatooliveira/RECURSOS/java7/lib/amd64/jli/libjli.so
7fee7fded000-7fee7ffed000 ---p 00016000 08:01 5509217                    /home/renatooliveira/RECURSOS/java7/lib/amd64/jli/libjli.so
7fee7ffed000-7fee7ffee000 rw-p 00016000 08:01 5509217                    /home/renatooliveira/RECURSOS/java7/lib/amd64/jli/libjli.so
7fee7ffee000-7fee80006000 r-xp 00000000 08:01 14553401                   /lib/x86_64-linux-gnu/libpthread-2.21.so
7fee80006000-7fee80206000 ---p 00018000 08:01 14553401                   /lib/x86_64-linux-gnu/libpthread-2.21.so
7fee80206000-7fee80207000 r--p 00018000 08:01 14553401                   /lib/x86_64-linux-gnu/libpthread-2.21.so
7fee80207000-7fee80208000 rw-p 00019000 08:01 14553401                   /lib/x86_64-linux-gnu/libpthread-2.21.so
7fee80208000-7fee8020c000 rw-p 00000000 00:00 0 
7fee8020c000-7fee80230000 r-xp 00000000 08:01 14553200                   /lib/x86_64-linux-gnu/ld-2.21.so
7fee8023b000-7fee8025a000 rw-p 00000000 00:00 0 
7fee8025a000-7fee80310000 rw-p 00000000 00:00 0 
7fee80310000-7fee80313000 ---p 00000000 00:00 0 
7fee80313000-7fee80415000 rw-p 00000000 00:00 0                          [stack:9563]
7fee80421000-7fee80423000 rw-p 00000000 00:00 0 
7fee80423000-7fee8042b000 rw-s 00000000 08:01 8391454                    /tmp/hsperfdata_renatooliveira/9557
7fee8042b000-7fee8042c000 rw-p 00000000 00:00 0 
7fee8042c000-7fee8042d000 r--p 00000000 00:00 0 
7fee8042d000-7fee8042f000 rw-p 00000000 00:00 0 
7fee8042f000-7fee80430000 r--p 00023000 08:01 14553200                   /lib/x86_64-linux-gnu/ld-2.21.so
7fee80430000-7fee80431000 rw-p 00024000 08:01 14553200                   /lib/x86_64-linux-gnu/ld-2.21.so
7fee80431000-7fee80432000 rw-p 00000000 00:00 0 
7ffc2a76c000-7ffc2a78e000 rw-p 00000000 00:00 0                          [stack]
7ffc2a7d9000-7ffc2a7db000 r--p 00000000 00:00 0                          [vvar]
7ffc2a7db000-7ffc2a7dd000 r-xp 00000000 00:00 0                          [vdso]
ffffffffff600000-ffffffffff601000 r-xp 00000000 00:00 0                  [vsyscall]

VM Arguments:
jvm_args: -javaagent:/usr/share/java/jayatanaag.jar -Dfile.encoding=UTF-8 -Xbootclasspath:/home/renatooliveira/android-sdks/platforms/android-19/android.jar 
java_command: br.com.renato.financeiro.Teste
Launcher Type: SUN_STANDARD

Environment Variables:
JAVA_HOME=/home/renatooliveira/RECURSOS/java7
JAVA_TOOL_OPTIONS=-javaagent:/usr/share/java/jayatanaag.jar 
PATH=/home/renatooliveira/RECURSOS/java7/bin:/usr/local/sbin:/usr/local/bin:/usr/sbin:/usr/bin:/sbin:/bin:/usr/games:/usr/local/games:/home/renatooliveira/.bin
SHELL=/bin/bash
DISPLAY=:0

Signal Handlers:
SIGSEGV: [libjvm.so+0x9a1a10], sa_mask[0]=0x7ffbfeff, sa_flags=0x10000004
SIGBUS: [libjvm.so+0x9a1a10], sa_mask[0]=0x7ffbfeff, sa_flags=0x10000004
SIGFPE: [libjvm.so+0x81bae0], sa_mask[0]=0x7ffbfeff, sa_flags=0x10000004
SIGPIPE: [libjvm.so+0x81bae0], sa_mask[0]=0x7ffbfeff, sa_flags=0x10000004
SIGXFSZ: [libjvm.so+0x81bae0], sa_mask[0]=0x7ffbfeff, sa_flags=0x10000004
SIGILL: [libjvm.so+0x81bae0], sa_mask[0]=0x7ffbfeff, sa_flags=0x10000004
SIGUSR1: SIG_DFL, sa_mask[0]=0x00000000, sa_flags=0x00000000
SIGUSR2: [libjvm.so+0x81d2e0], sa_mask[0]=0x00000004, sa_flags=0x10000004
SIGHUP: SIG_DFL, sa_mask[0]=0x00000000, sa_flags=0x00000000
SIGINT: SIG_DFL, sa_mask[0]=0x00000000, sa_flags=0x00000000
SIGTERM: SIG_DFL, sa_mask[0]=0x00000000, sa_flags=0x00000000
SIGQUIT: SIG_DFL, sa_mask[0]=0x00000000, sa_flags=0x00000000


---------------  S Y S T E M  ---------------

OS:jessie/sid

uname:Linux 3.19.0-18-generic #18-Ubuntu SMP Tue May 19 18:31:35 UTC 2015 x86_64
libc:glibc 2.21 NPTL 2.21 
rlimit: STACK 8192k, CORE 0k, NPROC 15397, NOFILE 65536, AS infinity
load average:0.56 0.57 0.50

/proc/meminfo:
MemTotal:        3964176 kB
MemFree:          168636 kB
MemAvailable:     555344 kB
Buffers:           81596 kB
Cached:           731920 kB
SwapCached:         9172 kB
Active:          2596008 kB
Inactive:        1029612 kB
Active(anon):    2311492 kB
Inactive(anon):   780428 kB
Active(file):     284516 kB
Inactive(file):   249184 kB
Unevictable:          48 kB
Mlocked:              48 kB
SwapTotal:       4109308 kB
SwapFree:        3667924 kB
Dirty:              6392 kB
Writeback:             0 kB
AnonPages:       2809272 kB
Mapped:           268488 kB
Shmem:            279692 kB
Slab:              77952 kB
SReclaimable:      43884 kB
SUnreclaim:        34068 kB
KernelStack:        9856 kB
PageTables:        46132 kB
NFS_Unstable:          0 kB
Bounce:                0 kB
WritebackTmp:          0 kB
CommitLimit:     6091396 kB
Committed_AS:   10419100 kB
VmallocTotal:   34359738367 kB
VmallocUsed:      347612 kB
VmallocChunk:   34359317048 kB
HardwareCorrupted:     0 kB
AnonHugePages:    901120 kB
CmaTotal:              0 kB
CmaFree:               0 kB
HugePages_Total:       0
HugePages_Free:        0
HugePages_Rsvd:        0
HugePages_Surp:        0
Hugepagesize:       2048 kB
DirectMap4k:      164880 kB
DirectMap2M:     3946496 kB
DirectMap1G:           0 kB


CPU:total 4 (4 cores per cpu, 1 threads per core) family 6 model 60 stepping 3, cmov, cx8, fxsr, mmx, sse, sse2, sse3, ssse3, sse4.1, sse4.2, popcnt, avx, avx2, aes, erms, tsc, tscinvbit

/proc/cpuinfo:
processor	: 0
vendor_id	: GenuineIntel
cpu family	: 6
model		: 60
model name	: Intel(R) Core(TM) i5-4590 CPU @ 3.30GHz
stepping	: 3
microcode	: 0x1c
cpu MHz		: 3303.867
cache size	: 6144 KB
physical id	: 0
siblings	: 4
core id		: 0
cpu cores	: 4
apicid		: 0
initial apicid	: 0
fpu		: yes
fpu_exception	: yes
cpuid level	: 13
wp		: yes
flags		: fpu vme de pse tsc msr pae mce cx8 apic sep mtrr pge mca cmov pat pse36 clflush dts acpi mmx fxsr sse sse2 ss ht tm pbe syscall nx pdpe1gb rdtscp lm constant_tsc arch_perfmon pebs bts rep_good nopl xtopology nonstop_tsc aperfmperf eagerfpu pni pclmulqdq dtes64 monitor ds_cpl vmx smx est tm2 ssse3 fma cx16 xtpr pdcm pcid sse4_1 sse4_2 x2apic movbe popcnt tsc_deadline_timer aes xsave avx f16c rdrand lahf_lm abm ida arat epb pln pts dtherm tpr_shadow vnmi flexpriority ept vpid fsgsbase tsc_adjust bmi1 avx2 smep bmi2 erms invpcid xsaveopt
bugs		:
bogomips	: 6585.10
clflush size	: 64
cache_alignment	: 64
address sizes	: 39 bits physical, 48 bits virtual
power management:

processor	: 1
vendor_id	: GenuineIntel
cpu family	: 6
model		: 60
model name	: Intel(R) Core(TM) i5-4590 CPU @ 3.30GHz
stepping	: 3
microcode	: 0x1c
cpu MHz		: 3300.128
cache size	: 6144 KB
physical id	: 0
siblings	: 4
core id		: 1
cpu cores	: 4
apicid		: 2
initial apicid	: 2
fpu		: yes
fpu_exception	: yes
cpuid level	: 13
wp		: yes
flags		: fpu vme de pse tsc msr pae mce cx8 apic sep mtrr pge mca cmov pat pse36 clflush dts acpi mmx fxsr sse sse2 ss ht tm pbe syscall nx pdpe1gb rdtscp lm constant_tsc arch_perfmon pebs bts rep_good nopl xtopology nonstop_tsc aperfmperf eagerfpu pni pclmulqdq dtes64 monitor ds_cpl vmx smx est tm2 ssse3 fma cx16 xtpr pdcm pcid sse4_1 sse4_2 x2apic movbe popcnt tsc_deadline_timer aes xsave avx f16c rdrand lahf_lm abm ida arat epb pln pts dtherm tpr_shadow vnmi flexpriority ept vpid fsgsbase tsc_adjust bmi1 avx2 smep bmi2 erms invpcid xsaveopt
bugs		:
bogomips	: 6585.10
clflush size	: 64
cache_alignment	: 64
address sizes	: 39 bits physical, 48 bits virtual
power management:

processor	: 2
vendor_id	: GenuineIntel
cpu family	: 6
model		: 60
model name	: Intel(R) Core(TM) i5-4590 CPU @ 3.30GHz
stepping	: 3
microcode	: 0x1c
cpu MHz		: 3299.871
cache size	: 6144 KB
physical id	: 0
siblings	: 4
core id		: 2
cpu cores	: 4
apicid		: 4
initial apicid	: 4
fpu		: yes
fpu_exception	: yes
cpuid level	: 13
wp		: yes
flags		: fpu vme de pse tsc msr pae mce cx8 apic sep mtrr pge mca cmov pat pse36 clflush dts acpi mmx fxsr sse sse2 ss ht tm pbe syscall nx pdpe1gb rdtscp lm constant_tsc arch_perfmon pebs bts rep_good nopl xtopology nonstop_tsc aperfmperf eagerfpu pni pclmulqdq dtes64 monitor ds_cpl vmx smx est tm2 ssse3 fma cx16 xtpr pdcm pcid sse4_1 sse4_2 x2apic movbe popcnt tsc_deadline_timer aes xsave avx f16c rdrand lahf_lm abm ida arat epb pln pts dtherm tpr_shadow vnmi flexpriority ept vpid fsgsbase tsc_adjust bmi1 avx2 smep bmi2 erms invpcid xsaveopt
bugs		:
bogomips	: 6585.10
clflush size	: 64
cache_alignment	: 64
address sizes	: 39 bits physical, 48 bits virtual
power management:

processor	: 3
vendor_id	: GenuineIntel
cpu family	: 6
model		: 60
model name	: Intel(R) Core(TM) i5-4590 CPU @ 3.30GHz
stepping	: 3
microcode	: 0x1c
cpu MHz		: 3299.355
cache size	: 6144 KB
physical id	: 0
siblings	: 4
core id		: 3
cpu cores	: 4
apicid		: 6
initial apicid	: 6
fpu		: yes
fpu_exception	: yes
cpuid level	: 13
wp		: yes
flags		: fpu vme de pse tsc msr pae mce cx8 apic sep mtrr pge mca cmov pat pse36 clflush dts acpi mmx fxsr sse sse2 ss ht tm pbe syscall nx pdpe1gb rdtscp lm constant_tsc arch_perfmon pebs bts rep_good nopl xtopology nonstop_tsc aperfmperf eagerfpu pni pclmulqdq dtes64 monitor ds_cpl vmx smx est tm2 ssse3 fma cx16 xtpr pdcm pcid sse4_1 sse4_2 x2apic movbe popcnt tsc_deadline_timer aes xsave avx f16c rdrand lahf_lm abm ida arat epb pln pts dtherm tpr_shadow vnmi flexpriority ept vpid fsgsbase tsc_adjust bmi1 avx2 smep bmi2 erms invpcid xsaveopt
bugs		:
bogomips	: 6585.10
clflush size	: 64
cache_alignment	: 64
address sizes	: 39 bits physical, 48 bits virtual
power management:



Memory: 4k page, physical 3964176k(168636k free), swap 4109308k(3667924k free)

vm_info: Java HotSpot(TM) 64-Bit Server VM (24.72-b04) for linux-amd64 JRE (1.7.0_72-b14), built on Sep 26 2014 18:20:41 by "java_re" with gcc 4.3.0 20080428 (Red Hat 4.3.0-8)

time: Mon May 25 15:58:14 2015
elapsed time: 0 seconds

